{"/workspace/src/button.ts": {"path":"/workspace/src/button.ts","statementMap":{"0":{"start":{"line":1,"column":0},"end":{"line":1,"column":53}},"1":{"start":{"line":3,"column":0},"end":{"line":3,"column":null}},"2":{"start":{"line":14,"column":0},"end":{"line":14,"column":70}},"3":{"start":{"line":28,"column":28},"end":{"line":60,"column":1}},"4":{"start":{"line":37,"column":17},"end":{"line":44,"column":4}},"5":{"start":{"line":46,"column":2},"end":{"line":48,"column":null}},"6":{"start":{"line":47,"column":4},"end":{"line":47,"column":52}},"7":{"start":{"line":49,"column":2},"end":{"line":51,"column":null}},"8":{"start":{"line":50,"column":4},"end":{"line":50,"column":46}},"9":{"start":{"line":52,"column":2},"end":{"line":52,"column":31}},"10":{"start":{"line":53,"column":2},"end":{"line":53,"column":52}},"11":{"start":{"line":54,"column":2},"end":{"line":58,"column":5}},"12":{"start":{"line":55,"column":4},"end":{"line":57,"column":44}},"13":{"start":{"line":59,"column":2},"end":{"line":59,"column":16}},"14":{"start":{"line":28,"column":13},"end":{"line":28,"column":28}},"15":{"start":{"line":62,"column":21},"end":{"line":127,"column":1}},"16":{"start":{"line":68,"column":21},"end":{"line":68,"column":68}},"17":{"start":{"line":69,"column":16},"end":{"line":69,"column":53}},"18":{"start":{"line":70,"column":22},"end":{"line":70,"column":54}},"19":{"start":{"line":71,"column":17},"end":{"line":73,"column":38}},"20":{"start":{"line":80,"column":2},"end":{"line":82,"column":null}},"21":{"start":{"line":81,"column":4},"end":{"line":81,"column":23}},"22":{"start":{"line":84,"column":2},"end":{"line":86,"column":null}},"23":{"start":{"line":85,"column":4},"end":{"line":85,"column":36}},"24":{"start":{"line":87,"column":2},"end":{"line":89,"column":null}},"25":{"start":{"line":88,"column":4},"end":{"line":88,"column":15}},"26":{"start":{"line":91,"column":2},"end":{"line":93,"column":null}},"27":{"start":{"line":92,"column":4},"end":{"line":92,"column":15}},"28":{"start":{"line":95,"column":2},"end":{"line":101,"column":null}},"29":{"start":{"line":96,"column":4},"end":{"line":96,"column":52}},"30":{"start":{"line":97,"column":4},"end":{"line":99,"column":41}},"31":{"start":{"line":100,"column":4},"end":{"line":100,"column":40}},"32":{"start":{"line":102,"column":2},"end":{"line":104,"column":null}},"33":{"start":{"line":103,"column":4},"end":{"line":103,"column":41}},"34":{"start":{"line":105,"column":2},"end":{"line":111,"column":null}},"35":{"start":{"line":106,"column":4},"end":{"line":106,"column":52}},"36":{"start":{"line":107,"column":4},"end":{"line":109,"column":41}},"37":{"start":{"line":110,"column":4},"end":{"line":110,"column":36}},"38":{"start":{"line":112,"column":2},"end":{"line":118,"column":null}},"39":{"start":{"line":113,"column":4},"end":{"line":117,"column":null}},"40":{"start":{"line":114,"column":6},"end":{"line":114,"column":72}},"41":{"start":{"line":116,"column":6},"end":{"line":116,"column":75}},"42":{"start":{"line":120,"column":2},"end":{"line":126,"column":null}},"43":{"start":{"line":121,"column":4},"end":{"line":121,"column":52}},"44":{"start":{"line":122,"column":4},"end":{"line":124,"column":41}},"45":{"start":{"line":125,"column":4},"end":{"line":125,"column":38}}},"fnMap":{"0":{"name":"(anonymous_0)","decl":{"start":{"line":28,"column":28},"end":{"line":28,"column":29}},"loc":{"start":{"line":35,"column":26},"end":{"line":60,"column":1}}},"1":{"name":"(anonymous_1)","decl":{"start":{"line":54,"column":31},"end":{"line":54,"column":34}},"loc":{"start":{"line":54,"column":36},"end":{"line":58,"column":3}}},"2":{"name":"(anonymous_2)","decl":{"start":{"line":62,"column":21},"end":{"line":62,"column":26}},"loc":{"start":{"line":67,"column":4},"end":{"line":127,"column":1}}}},"branchMap":{"0":{"loc":{"start":{"line":39,"column":6},"end":{"line":41,"column":58}},"type":"cond-expr","locations":[{"start":{"line":40,"column":10},"end":{"line":40,"column":39}},{"start":{"line":41,"column":10},"end":{"line":41,"column":58}}]},"1":{"loc":{"start":{"line":41,"column":28},"end":{"line":41,"column":56}},"type":"cond-expr","locations":[{"start":{"line":41,"column":41},"end":{"line":41,"column":51}},{"start":{"line":41,"column":54},"end":{"line":41,"column":56}}]},"2":{"loc":{"start":{"line":42,"column":6},"end":{"line":42,"column":35}},"type":"cond-expr","locations":[{"start":{"line":42,"column":15},"end":{"line":42,"column":30}},{"start":{"line":42,"column":33},"end":{"line":42,"column":35}}]},"3":{"loc":{"start":{"line":46,"column":2},"end":{"line":48,"column":null}},"type":"if","locations":[{"start":{"line":46,"column":2},"end":{"line":48,"column":null}}]},"4":{"loc":{"start":{"line":49,"column":2},"end":{"line":51,"column":null}},"type":"if","locations":[{"start":{"line":49,"column":2},"end":{"line":51,"column":null}}]},"5":{"loc":{"start":{"line":53,"column":2},"end":{"line":53,"column":51}},"type":"cond-expr","locations":[{"start":{"line":53,"column":12},"end":{"line":53,"column":46}},{"start":{"line":53,"column":49},"end":{"line":53,"column":51}}]},"6":{"loc":{"start":{"line":55,"column":4},"end":{"line":57,"column":43}},"type":"cond-expr","locations":[{"start":{"line":56,"column":8},"end":{"line":56,"column":52}},{"start":{"line":57,"column":8},"end":{"line":57,"column":43}}]},"7":{"loc":{"start":{"line":71,"column":17},"end":{"line":73,"column":38}},"type":"cond-expr","locations":[{"start":{"line":72,"column":6},"end":{"line":72,"column":44}},{"start":{"line":73,"column":6},"end":{"line":73,"column":38}}]},"8":{"loc":{"start":{"line":80,"column":2},"end":{"line":82,"column":null}},"type":"if","locations":[{"start":{"line":80,"column":2},"end":{"line":82,"column":null}}]},"9":{"loc":{"start":{"line":84,"column":2},"end":{"line":86,"column":null}},"type":"if","locations":[{"start":{"line":84,"column":2},"end":{"line":86,"column":null}}]},"10":{"loc":{"start":{"line":84,"column":6},"end":{"line":84,"column":48}},"type":"binary-expr","locations":[{"start":{"line":84,"column":6},"end":{"line":84,"column":15}},{"start":{"line":84,"column":19},"end":{"line":84,"column":48}}]},"11":{"loc":{"start":{"line":87,"column":2},"end":{"line":89,"column":null}},"type":"if","locations":[{"start":{"line":87,"column":2},"end":{"line":89,"column":null}}]},"12":{"loc":{"start":{"line":91,"column":2},"end":{"line":93,"column":null}},"type":"if","locations":[{"start":{"line":91,"column":2},"end":{"line":93,"column":null}}]},"13":{"loc":{"start":{"line":95,"column":2},"end":{"line":101,"column":null}},"type":"if","locations":[{"start":{"line":95,"column":2},"end":{"line":101,"column":null}}]},"14":{"loc":{"start":{"line":95,"column":6},"end":{"line":95,"column":49}},"type":"binary-expr","locations":[{"start":{"line":95,"column":6},"end":{"line":95,"column":15}},{"start":{"line":95,"column":19},"end":{"line":95,"column":49}}]},"15":{"loc":{"start":{"line":97,"column":15},"end":{"line":99,"column":40}},"type":"cond-expr","locations":[{"start":{"line":98,"column":8},"end":{"line":98,"column":46}},{"start":{"line":99,"column":8},"end":{"line":99,"column":40}}]},"16":{"loc":{"start":{"line":102,"column":2},"end":{"line":104,"column":null}},"type":"if","locations":[{"start":{"line":102,"column":2},"end":{"line":104,"column":null}}]},"17":{"loc":{"start":{"line":105,"column":2},"end":{"line":111,"column":null}},"type":"if","locations":[{"start":{"line":105,"column":2},"end":{"line":111,"column":null}}]},"18":{"loc":{"start":{"line":105,"column":6},"end":{"line":105,"column":45}},"type":"binary-expr","locations":[{"start":{"line":105,"column":6},"end":{"line":105,"column":15}},{"start":{"line":105,"column":19},"end":{"line":105,"column":45}}]},"19":{"loc":{"start":{"line":107,"column":15},"end":{"line":109,"column":40}},"type":"cond-expr","locations":[{"start":{"line":108,"column":8},"end":{"line":108,"column":46}},{"start":{"line":109,"column":8},"end":{"line":109,"column":40}}]},"20":{"loc":{"start":{"line":112,"column":2},"end":{"line":118,"column":null}},"type":"if","locations":[{"start":{"line":112,"column":2},"end":{"line":118,"column":null}}]},"21":{"loc":{"start":{"line":113,"column":4},"end":{"line":117,"column":null}},"type":"if","locations":[{"start":{"line":113,"column":4},"end":{"line":117,"column":null}},{"start":{"line":115,"column":11},"end":{"line":117,"column":null}}]},"22":{"loc":{"start":{"line":120,"column":2},"end":{"line":126,"column":null}},"type":"if","locations":[{"start":{"line":120,"column":2},"end":{"line":126,"column":null}}]},"23":{"loc":{"start":{"line":122,"column":15},"end":{"line":124,"column":40}},"type":"cond-expr","locations":[{"start":{"line":123,"column":8},"end":{"line":123,"column":46}},{"start":{"line":124,"column":8},"end":{"line":124,"column":40}}]}},"s":{"0":0,"1":0,"2":0,"3":0,"4":0,"5":0,"6":0,"7":0,"8":0,"9":0,"10":0,"11":0,"12":0,"13":0,"14":0,"15":0,"16":0,"17":0,"18":0,"19":0,"20":0,"21":0,"22":0,"23":0,"24":0,"25":0,"26":0,"27":0,"28":0,"29":0,"30":0,"31":0,"32":0,"33":0,"34":0,"35":0,"36":0,"37":0,"38":0,"39":0,"40":0,"41":0,"42":0,"43":0,"44":0,"45":0},"f":{"0":0,"1":0,"2":0},"b":{"0":[0,0],"1":[0,0],"2":[0,0],"3":[0],"4":[0],"5":[0,0],"6":[0,0],"7":[0,0],"8":[0],"9":[0],"10":[0,0],"11":[0],"12":[0],"13":[0],"14":[0,0],"15":[0,0],"16":[0],"17":[0],"18":[0,0],"19":[0,0],"20":[0],"21":[0,0],"22":[0],"23":[0,0]}}
,"/workspace/src/buttonStore.ts": {"path":"/workspace/src/buttonStore.ts","statementMap":{"0":{"start":{"line":3,"column":0},"end":{"line":3,"column":47}},"1":{"start":{"line":7,"column":24},"end":{"line":8,"column":70}},"2":{"start":{"line":8,"column":2},"end":{"line":8,"column":70}},"3":{"start":{"line":7,"column":13},"end":{"line":7,"column":24}},"4":{"start":{"line":10,"column":37},"end":{"line":22,"column":1}},"5":{"start":{"line":11,"column":16},"end":{"line":11,"column":44}},"6":{"start":{"line":12,"column":20},"end":{"line":18,"column":11}},"7":{"start":{"line":14,"column":20},"end":{"line":14,"column":56}},"8":{"start":{"line":15,"column":6},"end":{"line":15,"column":43}},"9":{"start":{"line":17,"column":21},"end":{"line":17,"column":38}},"10":{"start":{"line":19,"column":2},"end":{"line":19,"column":61}},"11":{"start":{"line":20,"column":2},"end":{"line":20,"column":26}},"12":{"start":{"line":21,"column":2},"end":{"line":21,"column":null}},"13":{"start":{"line":10,"column":13},"end":{"line":10,"column":37}},"14":{"start":{"line":24,"column":32},"end":{"line":38,"column":1}},"15":{"start":{"line":25,"column":16},"end":{"line":25,"column":52}},"16":{"start":{"line":26,"column":18},"end":{"line":26,"column":47}},"17":{"start":{"line":27,"column":16},"end":{"line":27,"column":38}},"18":{"start":{"line":29,"column":4},"end":{"line":35,"column":10}},"19":{"start":{"line":36,"column":2},"end":{"line":36,"column":60}},"20":{"start":{"line":37,"column":2},"end":{"line":37,"column":25}},"21":{"start":{"line":24,"column":13},"end":{"line":24,"column":32}},"22":{"start":{"line":40,"column":34},"end":{"line":69,"column":1}},"23":{"start":{"line":44,"column":16},"end":{"line":44,"column":38}},"24":{"start":{"line":45,"column":2},"end":{"line":45,"column":10}},"25":{"start":{"line":46,"column":2},"end":{"line":68,"column":null}},"26":{"start":{"line":48,"column":6},"end":{"line":51,"column":10}},"27":{"start":{"line":50,"column":38},"end":{"line":50,"column":69}},"28":{"start":{"line":52,"column":4},"end":{"line":67,"column":null}},"29":{"start":{"line":53,"column":19},"end":{"line":53,"column":69}},"30":{"start":{"line":54,"column":22},"end":{"line":54,"column":63}},"31":{"start":{"line":55,"column":27},"end":{"line":55,"column":46}},"32":{"start":{"line":56,"column":21},"end":{"line":61,"column":19}},"33":{"start":{"line":62,"column":25},"end":{"line":62,"column":53}},"34":{"start":{"line":63,"column":6},"end":{"line":66,"column":8}},"35":{"start":{"line":40,"column":13},"end":{"line":40,"column":34}},"36":{"start":{"line":71,"column":29},"end":{"line":91,"column":1}},"37":{"start":{"line":75,"column":16},"end":{"line":75,"column":38}},"38":{"start":{"line":76,"column":23},"end":{"line":78,"column":6}},"39":{"start":{"line":77,"column":34},"end":{"line":77,"column":60}},"40":{"start":{"line":79,"column":2},"end":{"line":90,"column":null}},"41":{"start":{"line":80,"column":17},"end":{"line":80,"column":67}},"42":{"start":{"line":81,"column":20},"end":{"line":81,"column":61}},"43":{"start":{"line":82,"column":25},"end":{"line":82,"column":44}},"44":{"start":{"line":83,"column":19},"end":{"line":88,"column":17}},"45":{"start":{"line":89,"column":4},"end":{"line":89,"column":40}},"46":{"start":{"line":71,"column":13},"end":{"line":71,"column":29}},"47":{"start":{"line":93,"column":33},"end":{"line":104,"column":1}},"48":{"start":{"line":97,"column":16},"end":{"line":97,"column":38}},"49":{"start":{"line":98,"column":23},"end":{"line":100,"column":6}},"50":{"start":{"line":99,"column":34},"end":{"line":99,"column":60}},"51":{"start":{"line":101,"column":2},"end":{"line":103,"column":null}},"52":{"start":{"line":102,"column":4},"end":{"line":102,"column":29}},"53":{"start":{"line":93,"column":13},"end":{"line":93,"column":33}},"54":{"start":{"line":106,"column":33},"end":{"line":121,"column":1}},"55":{"start":{"line":111,"column":16},"end":{"line":111,"column":38}},"56":{"start":{"line":112,"column":23},"end":{"line":114,"column":6}},"57":{"start":{"line":113,"column":34},"end":{"line":113,"column":60}},"58":{"start":{"line":115,"column":2},"end":{"line":120,"column":null}},"59":{"start":{"line":116,"column":4},"end":{"line":116,"column":32}},"60":{"start":{"line":117,"column":21},"end":{"line":117,"column":63}},"61":{"start":{"line":118,"column":4},"end":{"line":118,"column":62}},"62":{"start":{"line":119,"column":4},"end":{"line":119,"column":27}},"63":{"start":{"line":106,"column":13},"end":{"line":106,"column":33}},"64":{"start":{"line":123,"column":32},"end":{"line":140,"column":1}},"65":{"start":{"line":127,"column":17},"end":{"line":127,"column":38}},"66":{"start":{"line":128,"column":2},"end":{"line":139,"column":null}},"67":{"start":{"line":129,"column":22},"end":{"line":129,"column":53}},"68":{"start":{"line":130,"column":45},"end":{"line":137,"column":53}},"69":{"start":{"line":131,"column":20},"end":{"line":131,"column":31}},"70":{"start":{"line":133,"column":8},"end":{"line":133,"column":32}},"71":{"start":{"line":134,"column":8},"end":{"line":134,"column":24}},"72":{"start":{"line":135,"column":8},"end":{"line":135,"column":19}},"73":{"start":{"line":137,"column":25},"end":{"line":137,"column":52}},"74":{"start":{"line":138,"column":4},"end":{"line":138,"column":22}},"75":{"start":{"line":123,"column":13},"end":{"line":123,"column":32}},"76":{"start":{"line":143,"column":2},"end":{"line":154,"column":10}},"77":{"start":{"line":146,"column":10},"end":{"line":152,"column":17}},"78":{"start":{"line":148,"column":14},"end":{"line":151,"column":60}}},"fnMap":{"0":{"name":"(anonymous_0)","decl":{"start":{"line":7,"column":24},"end":{"line":7,"column":25}},"loc":{"start":{"line":8,"column":2},"end":{"line":8,"column":70}}},"1":{"name":"(anonymous_1)","decl":{"start":{"line":10,"column":37},"end":{"line":10,"column":38}},"loc":{"start":{"line":10,"column":77},"end":{"line":22,"column":1}}},"2":{"name":"(anonymous_2)","decl":{"start":{"line":13,"column":9},"end":{"line":13,"column":10}},"loc":{"start":{"line":13,"column":18},"end":{"line":16,"column":5}}},"3":{"name":"(anonymous_3)","decl":{"start":{"line":17,"column":12},"end":{"line":17,"column":13}},"loc":{"start":{"line":17,"column":21},"end":{"line":17,"column":38}}},"4":{"name":"(anonymous_4)","decl":{"start":{"line":24,"column":32},"end":{"line":24,"column":33}},"loc":{"start":{"line":24,"column":64},"end":{"line":38,"column":1}}},"5":{"name":"(anonymous_5)","decl":{"start":{"line":40,"column":34},"end":{"line":40,"column":39}},"loc":{"start":{"line":43,"column":58},"end":{"line":69,"column":1}}},"6":{"name":"(anonymous_6)","decl":{"start":{"line":50,"column":8},"end":{"line":50,"column":9}},"loc":{"start":{"line":50,"column":38},"end":{"line":50,"column":69}}},"7":{"name":"(anonymous_7)","decl":{"start":{"line":71,"column":29},"end":{"line":71,"column":34}},"loc":{"start":{"line":74,"column":24},"end":{"line":91,"column":1}}},"8":{"name":"(anonymous_8)","decl":{"start":{"line":77,"column":4},"end":{"line":77,"column":5}},"loc":{"start":{"line":77,"column":34},"end":{"line":77,"column":60}}},"9":{"name":"(anonymous_9)","decl":{"start":{"line":93,"column":33},"end":{"line":93,"column":38}},"loc":{"start":{"line":96,"column":21},"end":{"line":104,"column":1}}},"10":{"name":"(anonymous_10)","decl":{"start":{"line":99,"column":4},"end":{"line":99,"column":5}},"loc":{"start":{"line":99,"column":34},"end":{"line":99,"column":60}}},"11":{"name":"(anonymous_11)","decl":{"start":{"line":106,"column":33},"end":{"line":106,"column":38}},"loc":{"start":{"line":110,"column":19},"end":{"line":121,"column":1}}},"12":{"name":"(anonymous_12)","decl":{"start":{"line":113,"column":4},"end":{"line":113,"column":5}},"loc":{"start":{"line":113,"column":34},"end":{"line":113,"column":60}}},"13":{"name":"(anonymous_13)","decl":{"start":{"line":123,"column":32},"end":{"line":123,"column":null}},"loc":{"start":{"line":126,"column":26},"end":{"line":140,"column":1}}},"14":{"name":"(anonymous_14)","decl":{"start":{"line":131,"column":11},"end":{"line":131,"column":12}},"loc":{"start":{"line":131,"column":20},"end":{"line":131,"column":31}}},"15":{"name":"(anonymous_15)","decl":{"start":{"line":132,"column":11},"end":{"line":132,"column":12}},"loc":{"start":{"line":132,"column":39},"end":{"line":136,"column":7}}},"16":{"name":"(anonymous_16)","decl":{"start":{"line":137,"column":14},"end":{"line":137,"column":15}},"loc":{"start":{"line":137,"column":25},"end":{"line":137,"column":52}}},"17":{"name":"removeDuplicates","decl":{"start":{"line":142,"column":9},"end":{"line":142,"column":25}},"loc":{"start":{"line":142,"column":51},"end":{"line":155,"column":1}}},"18":{"name":"(anonymous_18)","decl":{"start":{"line":145,"column":8},"end":{"line":145,"column":9}},"loc":{"start":{"line":146,"column":10},"end":{"line":152,"column":17}}},"19":{"name":"(anonymous_19)","decl":{"start":{"line":147,"column":12},"end":{"line":147,"column":13}},"loc":{"start":{"line":148,"column":14},"end":{"line":151,"column":60}}}},"branchMap":{"0":{"loc":{"start":{"line":8,"column":2},"end":{"line":8,"column":70}},"type":"cond-expr","locations":[{"start":{"line":8,"column":13},"end":{"line":8,"column":24}},{"start":{"line":8,"column":27},"end":{"line":8,"column":70}}]},"1":{"loc":{"start":{"line":29,"column":4},"end":{"line":35,"column":10}},"type":"cond-expr","locations":[{"start":{"line":30,"column":8},"end":{"line":30,"column":48}},{"start":{"line":31,"column":8},"end":{"line":35,"column":10}}]},"2":{"loc":{"start":{"line":29,"column":4},"end":{"line":29,"column":20}},"type":"binary-expr","locations":[{"start":{"line":29,"column":4},"end":{"line":29,"column":11}},{"start":{"line":29,"column":15},"end":{"line":29,"column":20}}]},"3":{"loc":{"start":{"line":31,"column":8},"end":{"line":35,"column":10}},"type":"cond-expr","locations":[{"start":{"line":32,"column":8},"end":{"line":32,"column":31}},{"start":{"line":33,"column":8},"end":{"line":35,"column":10}}]},"4":{"loc":{"start":{"line":33,"column":8},"end":{"line":35,"column":10}},"type":"cond-expr","locations":[{"start":{"line":34,"column":8},"end":{"line":34,"column":33}},{"start":{"line":35,"column":8},"end":{"line":35,"column":10}}]},"5":{"loc":{"start":{"line":46,"column":2},"end":{"line":68,"column":null}},"type":"if","locations":[{"start":{"line":46,"column":2},"end":{"line":68,"column":null}}]},"6":{"loc":{"start":{"line":48,"column":6},"end":{"line":51,"column":10}},"type":"binary-expr","locations":[{"start":{"line":48,"column":6},"end":{"line":48,"column":11}},{"start":{"line":49,"column":6},"end":{"line":51,"column":10}}]},"7":{"loc":{"start":{"line":52,"column":4},"end":{"line":67,"column":null}},"type":"if","locations":[{"start":{"line":52,"column":4},"end":{"line":67,"column":null}}]},"8":{"loc":{"start":{"line":79,"column":2},"end":{"line":90,"column":null}},"type":"if","locations":[{"start":{"line":79,"column":2},"end":{"line":90,"column":null}}]},"9":{"loc":{"start":{"line":101,"column":2},"end":{"line":103,"column":null}},"type":"if","locations":[{"start":{"line":101,"column":2},"end":{"line":103,"column":null}}]},"10":{"loc":{"start":{"line":115,"column":2},"end":{"line":120,"column":null}},"type":"if","locations":[{"start":{"line":115,"column":2},"end":{"line":120,"column":null}}]},"11":{"loc":{"start":{"line":127,"column":17},"end":{"line":127,"column":38}},"type":"binary-expr","locations":[{"start":{"line":127,"column":17},"end":{"line":127,"column":22}},{"start":{"line":127,"column":26},"end":{"line":127,"column":38}}]},"12":{"loc":{"start":{"line":128,"column":2},"end":{"line":139,"column":null}},"type":"if","locations":[{"start":{"line":128,"column":2},"end":{"line":139,"column":null}}]},"13":{"loc":{"start":{"line":143,"column":9},"end":{"line":154,"column":9}},"type":"cond-expr","locations":[{"start":{"line":144,"column":6},"end":{"line":152,"column":null}},{"start":{"line":154,"column":6},"end":{"line":154,"column":9}}]},"14":{"loc":{"start":{"line":143,"column":9},"end":{"line":143,"column":22}},"type":"binary-expr","locations":[{"start":{"line":143,"column":9},"end":{"line":143,"column":12}},{"start":{"line":143,"column":16},"end":{"line":143,"column":22}}]},"15":{"loc":{"start":{"line":148,"column":14},"end":{"line":151,"column":60}},"type":"binary-expr","locations":[{"start":{"line":148,"column":14},"end":{"line":148,"column":27}},{"start":{"line":149,"column":15},"end":{"line":149,"column":32}},{"start":{"line":150,"column":16},"end":{"line":150,"column":63}},{"start":{"line":151,"column":16},"end":{"line":151,"column":59}}]}},"s":{"0":1,"1":1,"2":2,"3":1,"4":1,"5":0,"6":0,"7":0,"8":0,"9":0,"10":0,"11":0,"12":0,"13":1,"14":1,"15":2,"16":2,"17":2,"18":0,"19":0,"20":0,"21":1,"22":1,"23":0,"24":0,"25":0,"26":0,"27":0,"28":0,"29":0,"30":0,"31":0,"32":0,"33":0,"34":0,"35":1,"36":1,"37":0,"38":0,"39":0,"40":0,"41":0,"42":0,"43":0,"44":0,"45":0,"46":1,"47":1,"48":0,"49":0,"50":0,"51":0,"52":0,"53":1,"54":1,"55":0,"56":0,"57":0,"58":0,"59":0,"60":0,"61":0,"62":0,"63":1,"64":1,"65":2,"66":2,"67":0,"68":0,"69":0,"70":0,"71":0,"72":0,"73":0,"74":0,"75":1,"76":0,"77":0,"78":0},"f":{"0":2,"1":0,"2":0,"3":0,"4":2,"5":0,"6":0,"7":0,"8":0,"9":0,"10":0,"11":0,"12":0,"13":2,"14":0,"15":0,"16":0,"17":0,"18":0,"19":0},"b":{"0":[0,2],"1":[0,0],"2":[0,0],"3":[0,0],"4":[0,0],"5":[0],"6":[0,0],"7":[0],"8":[0],"9":[0],"10":[0],"11":[2,0],"12":[0],"13":[0,0],"14":[0,0],"15":[0,0,0,0]}}
,"/workspace/src/buttonTypes.ts": {"path":"/workspace/src/buttonTypes.ts","statementMap":{"0":{"start":{"line":1,"column":0},"end":{"line":1,"column":60}},"1":{"start":{"line":2,"column":0},"end":{"line":2,"column":45}},"2":{"start":{"line":5,"column":0},"end":{"line":5,"column":null}},"3":{"start":{"line":13,"column":0},"end":{"line":13,"column":null}},"4":{"start":{"line":18,"column":0},"end":{"line":18,"column":55}},"5":{"start":{"line":19,"column":0},"end":{"line":19,"column":null}},"6":{"start":{"line":24,"column":0},"end":{"line":24,"column":43}},"7":{"start":{"line":26,"column":25},"end":{"line":56,"column":1}},"8":{"start":{"line":31,"column":17},"end":{"line":31,"column":23}},"9":{"start":{"line":32,"column":20},"end":{"line":32,"column":45}},"10":{"start":{"line":33,"column":2},"end":{"line":53,"column":null}},"11":{"start":{"line":34,"column":19},"end":{"line":43,"column":6}},"12":{"start":{"line":35,"column":25},"end":{"line":35,"column":72}},"13":{"start":{"line":36,"column":6},"end":{"line":42,"column":null}},"14":{"start":{"line":37,"column":27},"end":{"line":37,"column":55}},"15":{"start":{"line":38,"column":24},"end":{"line":38,"column":57}},"16":{"start":{"line":39,"column":8},"end":{"line":39,"column":44}},"17":{"start":{"line":41,"column":8},"end":{"line":41,"column":47}},"18":{"start":{"line":44,"column":21},"end":{"line":44,"column":46}},"19":{"start":{"line":45,"column":4},"end":{"line":52,"column":7}},"20":{"start":{"line":46,"column":6},"end":{"line":51,"column":null}},"21":{"start":{"line":47,"column":8},"end":{"line":47,"column":74}},"22":{"start":{"line":49,"column":8},"end":{"line":49,"column":75}},"23":{"start":{"line":50,"column":8},"end":{"line":50,"column":29}},"24":{"start":{"line":54,"column":14},"end":{"line":54,"column":45}},"25":{"start":{"line":55,"column":2},"end":{"line":55,"column":71}},"26":{"start":{"line":26,"column":13},"end":{"line":26,"column":25}},"27":{"start":{"line":58,"column":22},"end":{"line":64,"column":1}},"28":{"start":{"line":63,"column":2},"end":{"line":63,"column":54}},"29":{"start":{"line":58,"column":13},"end":{"line":58,"column":22}},"30":{"start":{"line":66,"column":23},"end":{"line":71,"column":1}},"31":{"start":{"line":70,"column":2},"end":{"line":70,"column":36}},"32":{"start":{"line":66,"column":13},"end":{"line":66,"column":23}},"33":{"start":{"line":72,"column":20},"end":{"line":91,"column":1}},"34":{"start":{"line":78,"column":2},"end":{"line":80,"column":null}},"35":{"start":{"line":79,"column":4},"end":{"line":79,"column":70}},"36":{"start":{"line":82,"column":2},"end":{"line":84,"column":null}},"37":{"start":{"line":83,"column":4},"end":{"line":83,"column":67}},"38":{"start":{"line":85,"column":2},"end":{"line":87,"column":null}},"39":{"start":{"line":86,"column":4},"end":{"line":86,"column":77}},"40":{"start":{"line":88,"column":2},"end":{"line":90,"column":null}},"41":{"start":{"line":89,"column":4},"end":{"line":89,"column":63}},"42":{"start":{"line":72,"column":13},"end":{"line":72,"column":20}},"43":{"start":{"line":93,"column":24},"end":{"line":164,"column":1}},"44":{"start":{"line":98,"column":27},"end":{"line":98,"column":72}},"45":{"start":{"line":99,"column":33},"end":{"line":99,"column":74}},"46":{"start":{"line":100,"column":20},"end":{"line":100,"column":25}},"47":{"start":{"line":101,"column":23},"end":{"line":101,"column":48}},"48":{"start":{"line":102,"column":19},"end":{"line":102,"column":39}},"49":{"start":{"line":103,"column":13},"end":{"line":103,"column":17}},"50":{"start":{"line":105,"column":2},"end":{"line":163,"column":null}},"51":{"start":{"line":106,"column":2},"end":{"line":118,"column":null}},"52":{"start":{"line":108,"column":6},"end":{"line":109,"column":84}},"53":{"start":{"line":110,"column":20},"end":{"line":116,"column":6}},"54":{"start":{"line":111,"column":18},"end":{"line":111,"column":23}},"55":{"start":{"line":112,"column":10},"end":{"line":114,"column":null}},"56":{"start":{"line":113,"column":12},"end":{"line":113,"column":25}},"57":{"start":{"line":115,"column":8},"end":{"line":115,"column":null}},"58":{"start":{"line":117,"column":6},"end":{"line":117,"column":null}},"59":{"start":{"line":120,"column":2},"end":{"line":135,"column":null}},"60":{"start":{"line":122,"column":6},"end":{"line":125,"column":51}},"61":{"start":{"line":126,"column":20},"end":{"line":133,"column":6}},"62":{"start":{"line":127,"column":18},"end":{"line":127,"column":23}},"63":{"start":{"line":128,"column":10},"end":{"line":131,"column":null}},"64":{"start":{"line":129,"column":12},"end":{"line":129,"column":25}},"65":{"start":{"line":130,"column":12},"end":{"line":130,"column":31}},"66":{"start":{"line":132,"column":6},"end":{"line":132,"column":19}},"67":{"start":{"line":134,"column":6},"end":{"line":134,"column":null}},"68":{"start":{"line":137,"column":4},"end":{"line":157,"column":null}},"69":{"start":{"line":139,"column":6},"end":{"line":141,"column":null}},"70":{"start":{"line":140,"column":8},"end":{"line":140,"column":73}},"71":{"start":{"line":143,"column":6},"end":{"line":145,"column":null}},"72":{"start":{"line":144,"column":8},"end":{"line":144,"column":70}},"73":{"start":{"line":146,"column":6},"end":{"line":148,"column":null}},"74":{"start":{"line":147,"column":8},"end":{"line":147,"column":80}},"75":{"start":{"line":149,"column":6},"end":{"line":151,"column":null}},"76":{"start":{"line":150,"column":8},"end":{"line":150,"column":66}},"77":{"start":{"line":153,"column":6},"end":{"line":156,"column":8}},"78":{"start":{"line":159,"column":4},"end":{"line":162,"column":6}},"79":{"start":{"line":93,"column":13},"end":{"line":93,"column":24}},"80":{"start":{"line":166,"column":20},"end":{"line":169,"column":1}},"81":{"start":{"line":167,"column":15},"end":{"line":167,"column":28}},"82":{"start":{"line":168,"column":2},"end":{"line":168,"column":20}},"83":{"start":{"line":166,"column":13},"end":{"line":166,"column":20}},"84":{"start":{"line":172,"column":20},"end":{"line":174,"column":1}},"85":{"start":{"line":173,"column":2},"end":{"line":173,"column":40}},"86":{"start":{"line":172,"column":13},"end":{"line":172,"column":20}},"87":{"start":{"line":176,"column":23},"end":{"line":194,"column":1}},"88":{"start":{"line":178,"column":22},"end":{"line":178,"column":49}},"89":{"start":{"line":179,"column":17},"end":{"line":179,"column":28}},"90":{"start":{"line":180,"column":18},"end":{"line":182,"column":6}},"91":{"start":{"line":181,"column":17},"end":{"line":181,"column":75}},"92":{"start":{"line":183,"column":2},"end":{"line":186,"column":null}},"93":{"start":{"line":184,"column":4},"end":{"line":184,"column":94}},"94":{"start":{"line":185,"column":4},"end":{"line":185,"column":48}},"95":{"start":{"line":187,"column":2},"end":{"line":190,"column":null}},"96":{"start":{"line":188,"column":4},"end":{"line":188,"column":94}},"97":{"start":{"line":189,"column":4},"end":{"line":189,"column":48}},"98":{"start":{"line":191,"column":2},"end":{"line":193,"column":null}},"99":{"start":{"line":192,"column":4},"end":{"line":192,"column":48}},"100":{"start":{"line":176,"column":13},"end":{"line":176,"column":23}},"101":{"start":{"line":196,"column":20},"end":{"line":259,"column":1}},"102":{"start":{"line":204,"column":2},"end":{"line":258,"column":5}},"103":{"start":{"line":205,"column":17},"end":{"line":205,"column":49}},"104":{"start":{"line":206,"column":20},"end":{"line":206,"column":65}},"105":{"start":{"line":207,"column":4},"end":{"line":207,"column":40}},"106":{"start":{"line":208,"column":15},"end":{"line":208,"column":55}},"107":{"start":{"line":211,"column":4},"end":{"line":257,"column":null}},"108":{"start":{"line":212,"column":6},"end":{"line":217,"column":null}},"109":{"start":{"line":213,"column":8},"end":{"line":213,"column":46}},"110":{"start":{"line":214,"column":8},"end":{"line":216,"column":null}},"111":{"start":{"line":215,"column":10},"end":{"line":215,"column":80}},"112":{"start":{"line":218,"column":6},"end":{"line":220,"column":null}},"113":{"start":{"line":219,"column":8},"end":{"line":219,"column":33}},"114":{"start":{"line":221,"column":6},"end":{"line":223,"column":null}},"115":{"start":{"line":222,"column":8},"end":{"line":222,"column":40}},"116":{"start":{"line":225,"column":6},"end":{"line":227,"column":null}},"117":{"start":{"line":226,"column":8},"end":{"line":226,"column":19}},"118":{"start":{"line":229,"column":6},"end":{"line":235,"column":null}},"119":{"start":{"line":230,"column":8},"end":{"line":230,"column":45}},"120":{"start":{"line":231,"column":8},"end":{"line":233,"column":45}},"121":{"start":{"line":234,"column":8},"end":{"line":234,"column":44}},"122":{"start":{"line":236,"column":6},"end":{"line":238,"column":null}},"123":{"start":{"line":237,"column":8},"end":{"line":237,"column":45}},"124":{"start":{"line":239,"column":6},"end":{"line":245,"column":null}},"125":{"start":{"line":240,"column":8},"end":{"line":240,"column":45}},"126":{"start":{"line":241,"column":8},"end":{"line":243,"column":45}},"127":{"start":{"line":244,"column":8},"end":{"line":244,"column":40}},"128":{"start":{"line":247,"column":6},"end":{"line":253,"column":null}},"129":{"start":{"line":248,"column":8},"end":{"line":248,"column":45}},"130":{"start":{"line":249,"column":8},"end":{"line":251,"column":45}},"131":{"start":{"line":252,"column":8},"end":{"line":252,"column":42}},"132":{"start":{"line":254,"column":6},"end":{"line":256,"column":null}},"133":{"start":{"line":255,"column":8},"end":{"line":255,"column":33}},"134":{"start":{"line":196,"column":13},"end":{"line":196,"column":20}},"135":{"start":{"line":261,"column":25},"end":{"line":317,"column":1}},"136":{"start":{"line":265,"column":21},"end":{"line":265,"column":68}},"137":{"start":{"line":266,"column":2},"end":{"line":316,"column":null}},"138":{"start":{"line":267,"column":4},"end":{"line":267,"column":28}},"139":{"start":{"line":268,"column":17},"end":{"line":268,"column":32}},"140":{"start":{"line":269,"column":20},"end":{"line":269,"column":47}},"141":{"start":{"line":270,"column":21},"end":{"line":270,"column":52}},"142":{"start":{"line":271,"column":33},"end":{"line":271,"column":35}},"143":{"start":{"line":272,"column":24},"end":{"line":274,"column":6}},"144":{"start":{"line":273,"column":6},"end":{"line":273,"column":45}},"145":{"start":{"line":275,"column":4},"end":{"line":314,"column":12}},"146":{"start":{"line":276,"column":21},"end":{"line":279,"column":19}},"147":{"start":{"line":281,"column":6},"end":{"line":311,"column":null}},"148":{"start":{"line":282,"column":30},"end":{"line":282,"column":75}},"149":{"start":{"line":283,"column":21},"end":{"line":283,"column":26}},"150":{"start":{"line":284,"column":8},"end":{"line":294,"column":null}},"151":{"start":{"line":285,"column":10},"end":{"line":285,"column":24}},"152":{"start":{"line":286,"column":15},"end":{"line":294,"column":null}},"153":{"start":{"line":287,"column":29},"end":{"line":287,"column":54}},"154":{"start":{"line":288,"column":10},"end":{"line":293,"column":null}},"155":{"start":{"line":289,"column":25},"end":{"line":289,"column":52}},"156":{"start":{"line":290,"column":12},"end":{"line":292,"column":null}},"157":{"start":{"line":291,"column":14},"end":{"line":291,"column":28}},"158":{"start":{"line":295,"column":8},"end":{"line":307,"column":null}},"159":{"start":{"line":296,"column":10},"end":{"line":300,"column":12}},"160":{"start":{"line":302,"column":10},"end":{"line":306,"column":12}},"161":{"start":{"line":308,"column":8},"end":{"line":308,"column":48}},"162":{"start":{"line":310,"column":8},"end":{"line":310,"column":31}},"163":{"start":{"line":312,"column":6},"end":{"line":312,"column":49}},"164":{"start":{"line":313,"column":6},"end":{"line":313,"column":44}},"165":{"start":{"line":315,"column":4},"end":{"line":315,"column":16}},"166":{"start":{"line":261,"column":13},"end":{"line":261,"column":25}}},"fnMap":{"0":{"name":"(anonymous_0)","decl":{"start":{"line":26,"column":25},"end":{"line":26,"column":30}},"loc":{"start":{"line":30,"column":19},"end":{"line":56,"column":1}}},"1":{"name":"(anonymous_1)","decl":{"start":{"line":34,"column":33},"end":{"line":34,"column":38}},"loc":{"start":{"line":34,"column":49},"end":{"line":43,"column":5}}},"2":{"name":"(anonymous_2)","decl":{"start":{"line":45,"column":21},"end":{"line":45,"column":22}},"loc":{"start":{"line":45,"column":71},"end":{"line":52,"column":5}}},"3":{"name":"(anonymous_3)","decl":{"start":{"line":58,"column":22},"end":{"line":58,"column":27}},"loc":{"start":{"line":62,"column":19},"end":{"line":64,"column":1}}},"4":{"name":"(anonymous_4)","decl":{"start":{"line":66,"column":23},"end":{"line":66,"column":28}},"loc":{"start":{"line":69,"column":19},"end":{"line":71,"column":1}}},"5":{"name":"(anonymous_5)","decl":{"start":{"line":72,"column":20},"end":{"line":72,"column":25}},"loc":{"start":{"line":76,"column":19},"end":{"line":91,"column":1}}},"6":{"name":"(anonymous_6)","decl":{"start":{"line":93,"column":24},"end":{"line":93,"column":29}},"loc":{"start":{"line":97,"column":19},"end":{"line":164,"column":1}}},"7":{"name":"(anonymous_7)","decl":{"start":{"line":110,"column":36},"end":{"line":110,"column":37}},"loc":{"start":{"line":110,"column":45},"end":{"line":116,"column":5}}},"8":{"name":"(anonymous_8)","decl":{"start":{"line":126,"column":36},"end":{"line":126,"column":37}},"loc":{"start":{"line":126,"column":45},"end":{"line":133,"column":5}}},"9":{"name":"(anonymous_9)","decl":{"start":{"line":166,"column":20},"end":{"line":166,"column":21}},"loc":{"start":{"line":166,"column":52},"end":{"line":169,"column":1}}},"10":{"name":"(anonymous_10)","decl":{"start":{"line":172,"column":20},"end":{"line":172,"column":21}},"loc":{"start":{"line":172,"column":52},"end":{"line":174,"column":1}}},"11":{"name":"(anonymous_11)","decl":{"start":{"line":176,"column":23},"end":{"line":176,"column":24}},"loc":{"start":{"line":176,"column":77},"end":{"line":194,"column":1}}},"12":{"name":"(anonymous_12)","decl":{"start":{"line":181,"column":4},"end":{"line":181,"column":5}},"loc":{"start":{"line":181,"column":17},"end":{"line":181,"column":75}}},"13":{"name":"(anonymous_13)","decl":{"start":{"line":196,"column":20},"end":{"line":196,"column":25}},"loc":{"start":{"line":203,"column":19},"end":{"line":259,"column":1}}},"14":{"name":"(anonymous_14)","decl":{"start":{"line":204,"column":25},"end":{"line":204,"column":30}},"loc":{"start":{"line":204,"column":44},"end":{"line":258,"column":3}}},"15":{"name":"(anonymous_15)","decl":{"start":{"line":261,"column":25},"end":{"line":261,"column":30}},"loc":{"start":{"line":264,"column":24},"end":{"line":317,"column":1}}},"16":{"name":"(anonymous_16)","decl":{"start":{"line":272,"column":47},"end":{"line":272,"column":48}},"loc":{"start":{"line":272,"column":56},"end":{"line":274,"column":5}}},"17":{"name":"(anonymous_17)","decl":{"start":{"line":275,"column":15},"end":{"line":275,"column":20}},"loc":{"start":{"line":275,"column":26},"end":{"line":314,"column":5}}}},"branchMap":{"0":{"loc":{"start":{"line":33,"column":2},"end":{"line":53,"column":null}},"type":"if","locations":[{"start":{"line":33,"column":2},"end":{"line":53,"column":null}}]},"1":{"loc":{"start":{"line":36,"column":6},"end":{"line":42,"column":null}},"type":"if","locations":[{"start":{"line":36,"column":6},"end":{"line":42,"column":null}},{"start":{"line":40,"column":13},"end":{"line":42,"column":null}}]},"2":{"loc":{"start":{"line":46,"column":6},"end":{"line":51,"column":null}},"type":"if","locations":[{"start":{"line":46,"column":6},"end":{"line":51,"column":null}},{"start":{"line":48,"column":13},"end":{"line":51,"column":null}}]},"3":{"loc":{"start":{"line":54,"column":14},"end":{"line":54,"column":45}},"type":"binary-expr","locations":[{"start":{"line":54,"column":14},"end":{"line":54,"column":22}},{"start":{"line":54,"column":26},"end":{"line":54,"column":45}}]},"4":{"loc":{"start":{"line":55,"column":2},"end":{"line":55,"column":70}},"type":"binary-expr","locations":[{"start":{"line":55,"column":2},"end":{"line":55,"column":5}},{"start":{"line":55,"column":9},"end":{"line":55,"column":70}}]},"5":{"loc":{"start":{"line":78,"column":2},"end":{"line":80,"column":null}},"type":"if","locations":[{"start":{"line":78,"column":2},"end":{"line":80,"column":null}}]},"6":{"loc":{"start":{"line":82,"column":2},"end":{"line":84,"column":null}},"type":"if","locations":[{"start":{"line":82,"column":2},"end":{"line":84,"column":null}}]},"7":{"loc":{"start":{"line":85,"column":2},"end":{"line":87,"column":null}},"type":"if","locations":[{"start":{"line":85,"column":2},"end":{"line":87,"column":null}}]},"8":{"loc":{"start":{"line":88,"column":2},"end":{"line":90,"column":null}},"type":"if","locations":[{"start":{"line":88,"column":2},"end":{"line":90,"column":null}}]},"9":{"loc":{"start":{"line":105,"column":2},"end":{"line":163,"column":null}},"type":"if","locations":[{"start":{"line":105,"column":2},"end":{"line":163,"column":null}},{"start":{"line":158,"column":9},"end":{"line":163,"column":null}}]},"10":{"loc":{"start":{"line":105,"column":6},"end":{"line":105,"column":48}},"type":"binary-expr","locations":[{"start":{"line":105,"column":6},"end":{"line":105,"column":22}},{"start":{"line":105,"column":26},"end":{"line":105,"column":48}}]},"11":{"loc":{"start":{"line":106,"column":2},"end":{"line":118,"column":null}},"type":"if","locations":[{"start":{"line":106,"column":2},"end":{"line":118,"column":null}}]},"12":{"loc":{"start":{"line":108,"column":6},"end":{"line":109,"column":84}},"type":"binary-expr","locations":[{"start":{"line":108,"column":6},"end":{"line":108,"column":22}},{"start":{"line":109,"column":8},"end":{"line":109,"column":84}}]},"13":{"loc":{"start":{"line":112,"column":10},"end":{"line":114,"column":null}},"type":"if","locations":[{"start":{"line":112,"column":10},"end":{"line":114,"column":null}}]},"14":{"loc":{"start":{"line":120,"column":2},"end":{"line":135,"column":null}},"type":"if","locations":[{"start":{"line":120,"column":2},"end":{"line":135,"column":null}}]},"15":{"loc":{"start":{"line":120,"column":6},"end":{"line":120,"column":37}},"type":"binary-expr","locations":[{"start":{"line":120,"column":6},"end":{"line":120,"column":11}},{"start":{"line":120,"column":15},"end":{"line":120,"column":37}}]},"16":{"loc":{"start":{"line":122,"column":6},"end":{"line":125,"column":51}},"type":"binary-expr","locations":[{"start":{"line":122,"column":6},"end":{"line":122,"column":28}},{"start":{"line":123,"column":8},"end":{"line":125,"column":51}}]},"17":{"loc":{"start":{"line":128,"column":10},"end":{"line":131,"column":null}},"type":"if","locations":[{"start":{"line":128,"column":10},"end":{"line":131,"column":null}}]},"18":{"loc":{"start":{"line":137,"column":4},"end":{"line":157,"column":null}},"type":"if","locations":[{"start":{"line":137,"column":4},"end":{"line":157,"column":null}},{"start":{"line":152,"column":11},"end":{"line":157,"column":null}}]},"19":{"loc":{"start":{"line":139,"column":6},"end":{"line":141,"column":null}},"type":"if","locations":[{"start":{"line":139,"column":6},"end":{"line":141,"column":null}}]},"20":{"loc":{"start":{"line":143,"column":6},"end":{"line":145,"column":null}},"type":"if","locations":[{"start":{"line":143,"column":6},"end":{"line":145,"column":null}}]},"21":{"loc":{"start":{"line":146,"column":6},"end":{"line":148,"column":null}},"type":"if","locations":[{"start":{"line":146,"column":6},"end":{"line":148,"column":null}}]},"22":{"loc":{"start":{"line":149,"column":6},"end":{"line":151,"column":null}},"type":"if","locations":[{"start":{"line":149,"column":6},"end":{"line":151,"column":null}}]},"23":{"loc":{"start":{"line":183,"column":2},"end":{"line":186,"column":null}},"type":"if","locations":[{"start":{"line":183,"column":2},"end":{"line":186,"column":null}}]},"24":{"loc":{"start":{"line":187,"column":2},"end":{"line":190,"column":null}},"type":"if","locations":[{"start":{"line":187,"column":2},"end":{"line":190,"column":null}}]},"25":{"loc":{"start":{"line":191,"column":2},"end":{"line":193,"column":null}},"type":"if","locations":[{"start":{"line":191,"column":2},"end":{"line":193,"column":null}}]},"26":{"loc":{"start":{"line":206,"column":20},"end":{"line":206,"column":65}},"type":"cond-expr","locations":[{"start":{"line":206,"column":53},"end":{"line":206,"column":54}},{"start":{"line":206,"column":57},"end":{"line":206,"column":65}}]},"27":{"loc":{"start":{"line":211,"column":4},"end":{"line":257,"column":null}},"type":"if","locations":[{"start":{"line":211,"column":4},"end":{"line":257,"column":null}}]},"28":{"loc":{"start":{"line":212,"column":6},"end":{"line":217,"column":null}},"type":"if","locations":[{"start":{"line":212,"column":6},"end":{"line":217,"column":null}}]},"29":{"loc":{"start":{"line":214,"column":8},"end":{"line":216,"column":null}},"type":"if","locations":[{"start":{"line":214,"column":8},"end":{"line":216,"column":null}}]},"30":{"loc":{"start":{"line":218,"column":6},"end":{"line":220,"column":null}},"type":"if","locations":[{"start":{"line":218,"column":6},"end":{"line":220,"column":null}}]},"31":{"loc":{"start":{"line":221,"column":6},"end":{"line":223,"column":null}},"type":"if","locations":[{"start":{"line":221,"column":6},"end":{"line":223,"column":null}}]},"32":{"loc":{"start":{"line":225,"column":6},"end":{"line":227,"column":null}},"type":"if","locations":[{"start":{"line":225,"column":6},"end":{"line":227,"column":null}}]},"33":{"loc":{"start":{"line":229,"column":6},"end":{"line":235,"column":null}},"type":"if","locations":[{"start":{"line":229,"column":6},"end":{"line":235,"column":null}}]},"34":{"loc":{"start":{"line":229,"column":10},"end":{"line":229,"column":53}},"type":"binary-expr","locations":[{"start":{"line":229,"column":10},"end":{"line":229,"column":19}},{"start":{"line":229,"column":23},"end":{"line":229,"column":53}}]},"35":{"loc":{"start":{"line":231,"column":19},"end":{"line":233,"column":44}},"type":"cond-expr","locations":[{"start":{"line":232,"column":12},"end":{"line":232,"column":50}},{"start":{"line":233,"column":12},"end":{"line":233,"column":44}}]},"36":{"loc":{"start":{"line":236,"column":6},"end":{"line":238,"column":null}},"type":"if","locations":[{"start":{"line":236,"column":6},"end":{"line":238,"column":null}}]},"37":{"loc":{"start":{"line":239,"column":6},"end":{"line":245,"column":null}},"type":"if","locations":[{"start":{"line":239,"column":6},"end":{"line":245,"column":null}}]},"38":{"loc":{"start":{"line":239,"column":10},"end":{"line":239,"column":49}},"type":"binary-expr","locations":[{"start":{"line":239,"column":10},"end":{"line":239,"column":19}},{"start":{"line":239,"column":23},"end":{"line":239,"column":49}}]},"39":{"loc":{"start":{"line":241,"column":19},"end":{"line":243,"column":44}},"type":"cond-expr","locations":[{"start":{"line":242,"column":12},"end":{"line":242,"column":50}},{"start":{"line":243,"column":12},"end":{"line":243,"column":44}}]},"40":{"loc":{"start":{"line":247,"column":6},"end":{"line":253,"column":null}},"type":"if","locations":[{"start":{"line":247,"column":6},"end":{"line":253,"column":null}}]},"41":{"loc":{"start":{"line":249,"column":19},"end":{"line":251,"column":44}},"type":"cond-expr","locations":[{"start":{"line":250,"column":12},"end":{"line":250,"column":50}},{"start":{"line":251,"column":12},"end":{"line":251,"column":44}}]},"42":{"loc":{"start":{"line":254,"column":6},"end":{"line":256,"column":null}},"type":"if","locations":[{"start":{"line":254,"column":6},"end":{"line":256,"column":null}}]},"43":{"loc":{"start":{"line":266,"column":2},"end":{"line":316,"column":null}},"type":"if","locations":[{"start":{"line":266,"column":2},"end":{"line":316,"column":null}}]},"44":{"loc":{"start":{"line":281,"column":6},"end":{"line":311,"column":null}},"type":"if","locations":[{"start":{"line":281,"column":6},"end":{"line":311,"column":null}},{"start":{"line":309,"column":13},"end":{"line":311,"column":null}}]},"45":{"loc":{"start":{"line":284,"column":8},"end":{"line":294,"column":null}},"type":"if","locations":[{"start":{"line":284,"column":8},"end":{"line":294,"column":null}},{"start":{"line":286,"column":15},"end":{"line":294,"column":null}}]},"46":{"loc":{"start":{"line":286,"column":15},"end":{"line":294,"column":null}},"type":"if","locations":[{"start":{"line":286,"column":15},"end":{"line":294,"column":null}}]},"47":{"loc":{"start":{"line":288,"column":10},"end":{"line":293,"column":null}},"type":"if","locations":[{"start":{"line":288,"column":10},"end":{"line":293,"column":null}}]},"48":{"loc":{"start":{"line":290,"column":12},"end":{"line":292,"column":null}},"type":"if","locations":[{"start":{"line":290,"column":12},"end":{"line":292,"column":null}}]},"49":{"loc":{"start":{"line":290,"column":16},"end":{"line":290,"column":58}},"type":"binary-expr","locations":[{"start":{"line":290,"column":16},"end":{"line":290,"column":41}},{"start":{"line":290,"column":45},"end":{"line":290,"column":58}}]},"50":{"loc":{"start":{"line":295,"column":8},"end":{"line":307,"column":null}},"type":"if","locations":[{"start":{"line":295,"column":8},"end":{"line":307,"column":null}},{"start":{"line":301,"column":15},"end":{"line":307,"column":null}}]}},"s":{"0":0,"1":0,"2":0,"3":0,"4":0,"5":0,"6":0,"7":0,"8":0,"9":0,"10":0,"11":0,"12":0,"13":0,"14":0,"15":0,"16":0,"17":0,"18":0,"19":0,"20":0,"21":0,"22":0,"23":0,"24":0,"25":0,"26":0,"27":0,"28":0,"29":0,"30":0,"31":0,"32":0,"33":0,"34":0,"35":0,"36":0,"37":0,"38":0,"39":0,"40":0,"41":0,"42":0,"43":0,"44":0,"45":0,"46":0,"47":0,"48":0,"49":0,"50":0,"51":0,"52":0,"53":0,"54":0,"55":0,"56":0,"57":0,"58":0,"59":0,"60":0,"61":0,"62":0,"63":0,"64":0,"65":0,"66":0,"67":0,"68":0,"69":0,"70":0,"71":0,"72":0,"73":0,"74":0,"75":0,"76":0,"77":0,"78":0,"79":0,"80":0,"81":0,"82":0,"83":0,"84":0,"85":0,"86":0,"87":0,"88":0,"89":0,"90":0,"91":0,"92":0,"93":0,"94":0,"95":0,"96":0,"97":0,"98":0,"99":0,"100":0,"101":0,"102":0,"103":0,"104":0,"105":0,"106":0,"107":0,"108":0,"109":0,"110":0,"111":0,"112":0,"113":0,"114":0,"115":0,"116":0,"117":0,"118":0,"119":0,"120":0,"121":0,"122":0,"123":0,"124":0,"125":0,"126":0,"127":0,"128":0,"129":0,"130":0,"131":0,"132":0,"133":0,"134":0,"135":0,"136":0,"137":0,"138":0,"139":0,"140":0,"141":0,"142":0,"143":0,"144":0,"145":0,"146":0,"147":0,"148":0,"149":0,"150":0,"151":0,"152":0,"153":0,"154":0,"155":0,"156":0,"157":0,"158":0,"159":0,"160":0,"161":0,"162":0,"163":0,"164":0,"165":0,"166":0},"f":{"0":0,"1":0,"2":0,"3":0,"4":0,"5":0,"6":0,"7":0,"8":0,"9":0,"10":0,"11":0,"12":0,"13":0,"14":0,"15":0,"16":0,"17":0},"b":{"0":[0],"1":[0,0],"2":[0,0],"3":[0,0],"4":[0,0],"5":[0],"6":[0],"7":[0],"8":[0],"9":[0,0],"10":[0,0],"11":[0],"12":[0,0],"13":[0],"14":[0],"15":[0,0],"16":[0,0],"17":[0],"18":[0,0],"19":[0],"20":[0],"21":[0],"22":[0],"23":[0],"24":[0],"25":[0],"26":[0,0],"27":[0],"28":[0],"29":[0],"30":[0],"31":[0],"32":[0],"33":[0],"34":[0,0],"35":[0,0],"36":[0],"37":[0],"38":[0,0],"39":[0,0],"40":[0],"41":[0,0],"42":[0],"43":[0],"44":[0,0],"45":[0,0],"46":[0],"47":[0],"48":[0],"49":[0,0],"50":[0,0]}}
,"/workspace/src/events.ts": {"path":"/workspace/src/events.ts","statementMap":{"0":{"start":{"line":3,"column":35},"end":{"line":10,"column":1}},"1":{"start":{"line":7,"column":2},"end":{"line":9,"column":5}},"2":{"start":{"line":8,"column":4},"end":{"line":8,"column":24}},"3":{"start":{"line":3,"column":13},"end":{"line":3,"column":35}},"4":{"start":{"line":12,"column":34},"end":{"line":19,"column":1}},"5":{"start":{"line":16,"column":2},"end":{"line":18,"column":5}},"6":{"start":{"line":17,"column":4},"end":{"line":17,"column":18}},"7":{"start":{"line":12,"column":13},"end":{"line":12,"column":34}},"8":{"start":{"line":21,"column":32},"end":{"line":29,"column":1}},"9":{"start":{"line":26,"column":2},"end":{"line":28,"column":5}},"10":{"start":{"line":27,"column":4},"end":{"line":27,"column":31}},"11":{"start":{"line":21,"column":13},"end":{"line":21,"column":32}}},"fnMap":{"0":{"name":"(anonymous_0)","decl":{"start":{"line":3,"column":35},"end":{"line":3,"column":null}},"loc":{"start":{"line":6,"column":14},"end":{"line":10,"column":1}}},"1":{"name":"(anonymous_1)","decl":{"start":{"line":7,"column":41},"end":{"line":7,"column":42}},"loc":{"start":{"line":7,"column":57},"end":{"line":9,"column":3}}},"2":{"name":"(anonymous_2)","decl":{"start":{"line":12,"column":34},"end":{"line":12,"column":null}},"loc":{"start":{"line":15,"column":14},"end":{"line":19,"column":1}}},"3":{"name":"(anonymous_3)","decl":{"start":{"line":16,"column":42},"end":{"line":16,"column":45}},"loc":{"start":{"line":16,"column":47},"end":{"line":18,"column":3}}},"4":{"name":"(anonymous_4)","decl":{"start":{"line":21,"column":32},"end":{"line":21,"column":null}},"loc":{"start":{"line":25,"column":14},"end":{"line":29,"column":1}}},"5":{"name":"(anonymous_5)","decl":{"start":{"line":26,"column":39},"end":{"line":26,"column":42}},"loc":{"start":{"line":26,"column":44},"end":{"line":28,"column":3}}}},"branchMap":{},"s":{"0":0,"1":0,"2":0,"3":0,"4":0,"5":0,"6":0,"7":0,"8":0,"9":0,"10":0,"11":0},"f":{"0":0,"1":0,"2":0,"3":0,"4":0,"5":0},"b":{}}
,"/workspace/src/handlers.ts": {"path":"/workspace/src/handlers.ts","statementMap":{"0":{"start":{"line":1,"column":0},"end":{"line":1,"column":60}},"1":{"start":{"line":3,"column":0},"end":{"line":3,"column":41}},"2":{"start":{"line":4,"column":0},"end":{"line":4,"column":63}},"3":{"start":{"line":5,"column":0},"end":{"line":5,"column":40}},"4":{"start":{"line":6,"column":0},"end":{"line":6,"column":36}},"5":{"start":{"line":8,"column":28},"end":{"line":58,"column":1}},"6":{"start":{"line":14,"column":33},"end":{"line":14,"column":62}},"7":{"start":{"line":15,"column":16},"end":{"line":15,"column":38}},"8":{"start":{"line":16,"column":2},"end":{"line":27,"column":null}},"9":{"start":{"line":17,"column":26},"end":{"line":17,"column":45}},"10":{"start":{"line":18,"column":4},"end":{"line":18,"column":54}},"11":{"start":{"line":19,"column":4},"end":{"line":24,"column":null}},"12":{"start":{"line":23,"column":6},"end":{"line":23,"column":40}},"13":{"start":{"line":25,"column":20},"end":{"line":25,"column":43}},"14":{"start":{"line":26,"column":4},"end":{"line":26,"column":42}},"15":{"start":{"line":28,"column":2},"end":{"line":57,"column":null}},"16":{"start":{"line":29,"column":4},"end":{"line":29,"column":38}},"17":{"start":{"line":30,"column":20},"end":{"line":30,"column":43}},"18":{"start":{"line":31,"column":4},"end":{"line":31,"column":42}},"19":{"start":{"line":33,"column":4},"end":{"line":56,"column":7}},"20":{"start":{"line":34,"column":22},"end":{"line":43,"column":10}},"21":{"start":{"line":37,"column":10},"end":{"line":41,"column":13}},"22":{"start":{"line":38,"column":12},"end":{"line":40,"column":null}},"23":{"start":{"line":39,"column":14},"end":{"line":39,"column":28}},"24":{"start":{"line":42,"column":10},"end":{"line":42,"column":24}},"25":{"start":{"line":44,"column":6},"end":{"line":55,"column":null}},"26":{"start":{"line":45,"column":21},"end":{"line":45,"column":22}},"27":{"start":{"line":46,"column":8},"end":{"line":52,"column":11}},"28":{"start":{"line":47,"column":24},"end":{"line":47,"column":59}},"29":{"start":{"line":48,"column":27},"end":{"line":49,"column":38}},"30":{"start":{"line":50,"column":10},"end":{"line":50,"column":51}},"31":{"start":{"line":51,"column":10},"end":{"line":51,"column":33}},"32":{"start":{"line":53,"column":24},"end":{"line":53,"column":47}},"33":{"start":{"line":54,"column":8},"end":{"line":54,"column":46}},"34":{"start":{"line":8,"column":13},"end":{"line":8,"column":28}},"35":{"start":{"line":60,"column":29},"end":{"line":79,"column":1}},"36":{"start":{"line":64,"column":33},"end":{"line":64,"column":62}},"37":{"start":{"line":65,"column":2},"end":{"line":78,"column":null}},"38":{"start":{"line":66,"column":17},"end":{"line":66,"column":42}},"39":{"start":{"line":67,"column":4},"end":{"line":77,"column":null}},"40":{"start":{"line":68,"column":23},"end":{"line":68,"column":44}},"41":{"start":{"line":69,"column":6},"end":{"line":76,"column":null}},"42":{"start":{"line":70,"column":22},"end":{"line":70,"column":47}},"43":{"start":{"line":71,"column":20},"end":{"line":71,"column":41}},"44":{"start":{"line":72,"column":25},"end":{"line":72,"column":36}},"45":{"start":{"line":73,"column":8},"end":{"line":73,"column":45}},"46":{"start":{"line":74,"column":24},"end":{"line":74,"column":47}},"47":{"start":{"line":75,"column":8},"end":{"line":75,"column":46}},"48":{"start":{"line":60,"column":13},"end":{"line":60,"column":29}},"49":{"start":{"line":81,"column":30},"end":{"line":111,"column":1}},"50":{"start":{"line":87,"column":21},"end":{"line":87,"column":68}},"51":{"start":{"line":88,"column":2},"end":{"line":110,"column":null}},"52":{"start":{"line":89,"column":17},"end":{"line":89,"column":32}},"53":{"start":{"line":90,"column":18},"end":{"line":90,"column":44}},"54":{"start":{"line":91,"column":25},"end":{"line":91,"column":44}},"55":{"start":{"line":92,"column":4},"end":{"line":105,"column":null}},"56":{"start":{"line":93,"column":6},"end":{"line":93,"column":53}},"57":{"start":{"line":95,"column":6},"end":{"line":104,"column":null}},"58":{"start":{"line":96,"column":29},"end":{"line":96,"column":58}},"59":{"start":{"line":97,"column":24},"end":{"line":97,"column":52}},"60":{"start":{"line":98,"column":26},"end":{"line":98,"column":53}},"61":{"start":{"line":99,"column":8},"end":{"line":99,"column":58}},"62":{"start":{"line":101,"column":8},"end":{"line":101,"column":null}},"63":{"start":{"line":102,"column":8},"end":{"line":103,"column":34}},"64":{"start":{"line":106,"column":4},"end":{"line":106,"column":38}},"65":{"start":{"line":107,"column":4},"end":{"line":107,"column":42}},"66":{"start":{"line":109,"column":4},"end":{"line":109,"column":80}},"67":{"start":{"line":81,"column":13},"end":{"line":81,"column":30}},"68":{"start":{"line":113,"column":29},"end":{"line":152,"column":1}},"69":{"start":{"line":119,"column":21},"end":{"line":119,"column":68}},"70":{"start":{"line":120,"column":2},"end":{"line":151,"column":null}},"71":{"start":{"line":121,"column":17},"end":{"line":121,"column":32}},"72":{"start":{"line":122,"column":18},"end":{"line":122,"column":44}},"73":{"start":{"line":123,"column":25},"end":{"line":123,"column":44}},"74":{"start":{"line":125,"column":4},"end":{"line":132,"column":null}},"75":{"start":{"line":129,"column":6},"end":{"line":129,"column":35}},"76":{"start":{"line":131,"column":6},"end":{"line":131,"column":35}},"77":{"start":{"line":133,"column":4},"end":{"line":146,"column":null}},"78":{"start":{"line":134,"column":6},"end":{"line":134,"column":60}},"79":{"start":{"line":136,"column":6},"end":{"line":145,"column":null}},"80":{"start":{"line":137,"column":29},"end":{"line":137,"column":58}},"81":{"start":{"line":138,"column":24},"end":{"line":138,"column":52}},"82":{"start":{"line":139,"column":26},"end":{"line":139,"column":53}},"83":{"start":{"line":140,"column":8},"end":{"line":140,"column":63}},"84":{"start":{"line":142,"column":8},"end":{"line":142,"column":null}},"85":{"start":{"line":143,"column":8},"end":{"line":144,"column":34}},"86":{"start":{"line":147,"column":4},"end":{"line":147,"column":38}},"87":{"start":{"line":148,"column":4},"end":{"line":148,"column":42}},"88":{"start":{"line":150,"column":4},"end":{"line":150,"column":79}},"89":{"start":{"line":113,"column":13},"end":{"line":113,"column":29}},"90":{"start":{"line":154,"column":32},"end":{"line":188,"column":1}},"91":{"start":{"line":160,"column":21},"end":{"line":160,"column":41}},"92":{"start":{"line":161,"column":2},"end":{"line":187,"column":null}},"93":{"start":{"line":162,"column":27},"end":{"line":162,"column":54}},"94":{"start":{"line":163,"column":23},"end":{"line":163,"column":70}},"95":{"start":{"line":164,"column":4},"end":{"line":184,"column":null}},"96":{"start":{"line":165,"column":19},"end":{"line":165,"column":34}},"97":{"start":{"line":166,"column":20},"end":{"line":166,"column":46}},"98":{"start":{"line":167,"column":27},"end":{"line":167,"column":46}},"99":{"start":{"line":168,"column":6},"end":{"line":181,"column":null}},"100":{"start":{"line":169,"column":8},"end":{"line":169,"column":60}},"101":{"start":{"line":171,"column":8},"end":{"line":180,"column":null}},"102":{"start":{"line":172,"column":31},"end":{"line":172,"column":60}},"103":{"start":{"line":173,"column":26},"end":{"line":173,"column":54}},"104":{"start":{"line":174,"column":28},"end":{"line":174,"column":55}},"105":{"start":{"line":175,"column":10},"end":{"line":175,"column":65}},"106":{"start":{"line":177,"column":8},"end":{"line":177,"column":null}},"107":{"start":{"line":178,"column":10},"end":{"line":179,"column":36}},"108":{"start":{"line":182,"column":6},"end":{"line":182,"column":40}},"109":{"start":{"line":183,"column":6},"end":{"line":183,"column":44}},"110":{"start":{"line":186,"column":4},"end":{"line":186,"column":76}},"111":{"start":{"line":154,"column":13},"end":{"line":154,"column":32}},"112":{"start":{"line":190,"column":26},"end":{"line":261,"column":1}},"113":{"start":{"line":198,"column":15},"end":{"line":198,"column":60}},"114":{"start":{"line":200,"column":2},"end":{"line":260,"column":null}},"115":{"start":{"line":201,"column":19},"end":{"line":201,"column":34}},"116":{"start":{"line":202,"column":21},"end":{"line":202,"column":66}},"117":{"start":{"line":206,"column":4},"end":{"line":206,"column":59}},"118":{"start":{"line":208,"column":26},"end":{"line":208,"column":74}},"119":{"start":{"line":210,"column":4},"end":{"line":213,"column":null}},"120":{"start":{"line":211,"column":6},"end":{"line":211,"column":65}},"121":{"start":{"line":212,"column":6},"end":{"line":212,"column":50}},"122":{"start":{"line":215,"column":4},"end":{"line":257,"column":null}},"123":{"start":{"line":216,"column":6},"end":{"line":223,"column":null}},"124":{"start":{"line":217,"column":29},"end":{"line":218,"column":null}},"125":{"start":{"line":218,"column":10},"end":{"line":218,"column":50}},"126":{"start":{"line":220,"column":8},"end":{"line":222,"column":21}},"127":{"start":{"line":226,"column":6},"end":{"line":228,"column":null}},"128":{"start":{"line":227,"column":8},"end":{"line":227,"column":58}},"129":{"start":{"line":231,"column":30},"end":{"line":231,"column":69}},"130":{"start":{"line":232,"column":6},"end":{"line":238,"column":null}},"131":{"start":{"line":233,"column":8},"end":{"line":233,"column":65}},"132":{"start":{"line":234,"column":29},"end":{"line":234,"column":69}},"133":{"start":{"line":235,"column":24},"end":{"line":235,"column":63}},"134":{"start":{"line":236,"column":26},"end":{"line":236,"column":53}},"135":{"start":{"line":237,"column":8},"end":{"line":237,"column":48}},"136":{"start":{"line":239,"column":6},"end":{"line":241,"column":null}},"137":{"start":{"line":240,"column":8},"end":{"line":240,"column":52}},"138":{"start":{"line":243,"column":6},"end":{"line":249,"column":null}},"139":{"start":{"line":244,"column":8},"end":{"line":244,"column":61}},"140":{"start":{"line":245,"column":13},"end":{"line":249,"column":null}},"141":{"start":{"line":246,"column":8},"end":{"line":246,"column":55}},"142":{"start":{"line":248,"column":8},"end":{"line":248,"column":53}},"143":{"start":{"line":250,"column":6},"end":{"line":253,"column":null}},"144":{"start":{"line":251,"column":8},"end":{"line":252,"column":36}},"145":{"start":{"line":255,"column":6},"end":{"line":255,"column":45}},"146":{"start":{"line":256,"column":6},"end":{"line":256,"column":77}},"147":{"start":{"line":259,"column":4},"end":{"line":259,"column":49}},"148":{"start":{"line":190,"column":13},"end":{"line":190,"column":26}}},"fnMap":{"0":{"name":"(anonymous_0)","decl":{"start":{"line":8,"column":28},"end":{"line":8,"column":33}},"loc":{"start":{"line":13,"column":19},"end":{"line":58,"column":1}}},"1":{"name":"(anonymous_1)","decl":{"start":{"line":33,"column":29},"end":{"line":33,"column":34}},"loc":{"start":{"line":33,"column":48},"end":{"line":56,"column":5}}},"2":{"name":"(anonymous_2)","decl":{"start":{"line":35,"column":21},"end":{"line":35,"column":22}},"loc":{"start":{"line":35,"column":50},"end":{"line":43,"column":9}}},"3":{"name":"(anonymous_3)","decl":{"start":{"line":37,"column":27},"end":{"line":37,"column":28}},"loc":{"start":{"line":37,"column":35},"end":{"line":41,"column":11}}},"4":{"name":"(anonymous_4)","decl":{"start":{"line":46,"column":24},"end":{"line":46,"column":25}},"loc":{"start":{"line":46,"column":55},"end":{"line":52,"column":9}}},"5":{"name":"(anonymous_5)","decl":{"start":{"line":60,"column":29},"end":{"line":60,"column":34}},"loc":{"start":{"line":63,"column":19},"end":{"line":79,"column":1}}},"6":{"name":"(anonymous_6)","decl":{"start":{"line":81,"column":30},"end":{"line":81,"column":35}},"loc":{"start":{"line":86,"column":19},"end":{"line":111,"column":1}}},"7":{"name":"(anonymous_7)","decl":{"start":{"line":113,"column":29},"end":{"line":113,"column":34}},"loc":{"start":{"line":118,"column":19},"end":{"line":152,"column":1}}},"8":{"name":"(anonymous_8)","decl":{"start":{"line":154,"column":32},"end":{"line":154,"column":37}},"loc":{"start":{"line":159,"column":19},"end":{"line":188,"column":1}}},"9":{"name":"(anonymous_9)","decl":{"start":{"line":190,"column":26},"end":{"line":190,"column":31}},"loc":{"start":{"line":197,"column":19},"end":{"line":261,"column":1}}},"10":{"name":"(anonymous_10)","decl":{"start":{"line":217,"column":55},"end":{"line":217,"column":56}},"loc":{"start":{"line":218,"column":10},"end":{"line":218,"column":50}}}},"branchMap":{"0":{"loc":{"start":{"line":16,"column":2},"end":{"line":27,"column":null}},"type":"if","locations":[{"start":{"line":16,"column":2},"end":{"line":27,"column":null}}]},"1":{"loc":{"start":{"line":19,"column":4},"end":{"line":24,"column":null}},"type":"if","locations":[{"start":{"line":19,"column":4},"end":{"line":24,"column":null}}]},"2":{"loc":{"start":{"line":20,"column":6},"end":{"line":21,"column":50}},"type":"binary-expr","locations":[{"start":{"line":20,"column":6},"end":{"line":20,"column":29}},{"start":{"line":21,"column":6},"end":{"line":21,"column":50}}]},"3":{"loc":{"start":{"line":28,"column":2},"end":{"line":57,"column":null}},"type":"if","locations":[{"start":{"line":28,"column":2},"end":{"line":57,"column":null}},{"start":{"line":32,"column":9},"end":{"line":57,"column":null}}]},"4":{"loc":{"start":{"line":34,"column":22},"end":{"line":43,"column":10}},"type":"binary-expr","locations":[{"start":{"line":34,"column":22},"end":{"line":34,"column":27}},{"start":{"line":35,"column":8},"end":{"line":43,"column":10}}]},"5":{"loc":{"start":{"line":38,"column":12},"end":{"line":40,"column":null}},"type":"if","locations":[{"start":{"line":38,"column":12},"end":{"line":40,"column":null}}]},"6":{"loc":{"start":{"line":38,"column":16},"end":{"line":38,"column":70}},"type":"binary-expr","locations":[{"start":{"line":38,"column":16},"end":{"line":38,"column":43}},{"start":{"line":38,"column":47},"end":{"line":38,"column":70}}]},"7":{"loc":{"start":{"line":44,"column":6},"end":{"line":55,"column":null}},"type":"if","locations":[{"start":{"line":44,"column":6},"end":{"line":55,"column":null}}]},"8":{"loc":{"start":{"line":65,"column":2},"end":{"line":78,"column":null}},"type":"if","locations":[{"start":{"line":65,"column":2},"end":{"line":78,"column":null}}]},"9":{"loc":{"start":{"line":65,"column":6},"end":{"line":65,"column":52}},"type":"binary-expr","locations":[{"start":{"line":65,"column":6},"end":{"line":65,"column":27}},{"start":{"line":65,"column":31},"end":{"line":65,"column":52}}]},"10":{"loc":{"start":{"line":67,"column":4},"end":{"line":77,"column":null}},"type":"if","locations":[{"start":{"line":67,"column":4},"end":{"line":77,"column":null}}]},"11":{"loc":{"start":{"line":69,"column":6},"end":{"line":76,"column":null}},"type":"if","locations":[{"start":{"line":69,"column":6},"end":{"line":76,"column":null}}]},"12":{"loc":{"start":{"line":88,"column":2},"end":{"line":110,"column":null}},"type":"if","locations":[{"start":{"line":88,"column":2},"end":{"line":110,"column":null}},{"start":{"line":108,"column":9},"end":{"line":110,"column":null}}]},"13":{"loc":{"start":{"line":92,"column":4},"end":{"line":105,"column":null}},"type":"if","locations":[{"start":{"line":92,"column":4},"end":{"line":105,"column":null}},{"start":{"line":94,"column":11},"end":{"line":105,"column":null}}]},"14":{"loc":{"start":{"line":95,"column":6},"end":{"line":104,"column":null}},"type":"if","locations":[{"start":{"line":95,"column":6},"end":{"line":104,"column":null}},{"start":{"line":100,"column":13},"end":{"line":104,"column":null}}]},"15":{"loc":{"start":{"line":120,"column":2},"end":{"line":151,"column":null}},"type":"if","locations":[{"start":{"line":120,"column":2},"end":{"line":151,"column":null}},{"start":{"line":149,"column":9},"end":{"line":151,"column":null}}]},"16":{"loc":{"start":{"line":125,"column":4},"end":{"line":132,"column":null}},"type":"if","locations":[{"start":{"line":125,"column":4},"end":{"line":132,"column":null}},{"start":{"line":130,"column":11},"end":{"line":132,"column":null}}]},"17":{"loc":{"start":{"line":126,"column":6},"end":{"line":127,"column":51}},"type":"binary-expr","locations":[{"start":{"line":126,"column":6},"end":{"line":126,"column":31}},{"start":{"line":127,"column":6},"end":{"line":127,"column":51}}]},"18":{"loc":{"start":{"line":133,"column":4},"end":{"line":146,"column":null}},"type":"if","locations":[{"start":{"line":133,"column":4},"end":{"line":146,"column":null}},{"start":{"line":135,"column":11},"end":{"line":146,"column":null}}]},"19":{"loc":{"start":{"line":136,"column":6},"end":{"line":145,"column":null}},"type":"if","locations":[{"start":{"line":136,"column":6},"end":{"line":145,"column":null}},{"start":{"line":141,"column":13},"end":{"line":145,"column":null}}]},"20":{"loc":{"start":{"line":161,"column":2},"end":{"line":187,"column":null}},"type":"if","locations":[{"start":{"line":161,"column":2},"end":{"line":187,"column":null}},{"start":{"line":185,"column":9},"end":{"line":187,"column":null}}]},"21":{"loc":{"start":{"line":164,"column":4},"end":{"line":184,"column":null}},"type":"if","locations":[{"start":{"line":164,"column":4},"end":{"line":184,"column":null}}]},"22":{"loc":{"start":{"line":168,"column":6},"end":{"line":181,"column":null}},"type":"if","locations":[{"start":{"line":168,"column":6},"end":{"line":181,"column":null}},{"start":{"line":170,"column":13},"end":{"line":181,"column":null}}]},"23":{"loc":{"start":{"line":171,"column":8},"end":{"line":180,"column":null}},"type":"if","locations":[{"start":{"line":171,"column":8},"end":{"line":180,"column":null}},{"start":{"line":176,"column":15},"end":{"line":180,"column":null}}]},"24":{"loc":{"start":{"line":200,"column":2},"end":{"line":260,"column":null}},"type":"if","locations":[{"start":{"line":200,"column":2},"end":{"line":260,"column":null}},{"start":{"line":258,"column":9},"end":{"line":260,"column":null}}]},"25":{"loc":{"start":{"line":206,"column":15},"end":{"line":206,"column":58}},"type":"cond-expr","locations":[{"start":{"line":206,"column":24},"end":{"line":206,"column":47}},{"start":{"line":206,"column":50},"end":{"line":206,"column":58}}]},"26":{"loc":{"start":{"line":210,"column":4},"end":{"line":213,"column":null}},"type":"if","locations":[{"start":{"line":210,"column":4},"end":{"line":213,"column":null}}]},"27":{"loc":{"start":{"line":210,"column":8},"end":{"line":210,"column":72}},"type":"binary-expr","locations":[{"start":{"line":210,"column":8},"end":{"line":210,"column":21}},{"start":{"line":210,"column":25},"end":{"line":210,"column":72}}]},"28":{"loc":{"start":{"line":216,"column":6},"end":{"line":223,"column":null}},"type":"if","locations":[{"start":{"line":216,"column":6},"end":{"line":223,"column":null}}]},"29":{"loc":{"start":{"line":220,"column":19},"end":{"line":222,"column":20}},"type":"cond-expr","locations":[{"start":{"line":221,"column":12},"end":{"line":221,"column":49}},{"start":{"line":222,"column":12},"end":{"line":222,"column":20}}]},"30":{"loc":{"start":{"line":226,"column":6},"end":{"line":228,"column":null}},"type":"if","locations":[{"start":{"line":226,"column":6},"end":{"line":228,"column":null}}]},"31":{"loc":{"start":{"line":232,"column":6},"end":{"line":238,"column":null}},"type":"if","locations":[{"start":{"line":232,"column":6},"end":{"line":238,"column":null}}]},"32":{"loc":{"start":{"line":239,"column":6},"end":{"line":241,"column":null}},"type":"if","locations":[{"start":{"line":239,"column":6},"end":{"line":241,"column":null}}]},"33":{"loc":{"start":{"line":239,"column":10},"end":{"line":239,"column":54}},"type":"binary-expr","locations":[{"start":{"line":239,"column":10},"end":{"line":239,"column":22}},{"start":{"line":239,"column":26},"end":{"line":239,"column":54}}]},"34":{"loc":{"start":{"line":243,"column":6},"end":{"line":249,"column":null}},"type":"if","locations":[{"start":{"line":243,"column":6},"end":{"line":249,"column":null}},{"start":{"line":245,"column":13},"end":{"line":249,"column":null}}]},"35":{"loc":{"start":{"line":245,"column":13},"end":{"line":249,"column":null}},"type":"if","locations":[{"start":{"line":245,"column":13},"end":{"line":249,"column":null}},{"start":{"line":247,"column":13},"end":{"line":249,"column":null}}]},"36":{"loc":{"start":{"line":250,"column":6},"end":{"line":253,"column":null}},"type":"if","locations":[{"start":{"line":250,"column":6},"end":{"line":253,"column":null}}]},"37":{"loc":{"start":{"line":250,"column":10},"end":{"line":250,"column":54}},"type":"binary-expr","locations":[{"start":{"line":250,"column":10},"end":{"line":250,"column":22}},{"start":{"line":250,"column":26},"end":{"line":250,"column":54}}]}},"s":{"0":0,"1":0,"2":0,"3":0,"4":0,"5":0,"6":0,"7":0,"8":0,"9":0,"10":0,"11":0,"12":0,"13":0,"14":0,"15":0,"16":0,"17":0,"18":0,"19":0,"20":0,"21":0,"22":0,"23":0,"24":0,"25":0,"26":0,"27":0,"28":0,"29":0,"30":0,"31":0,"32":0,"33":0,"34":0,"35":0,"36":0,"37":0,"38":0,"39":0,"40":0,"41":0,"42":0,"43":0,"44":0,"45":0,"46":0,"47":0,"48":0,"49":0,"50":0,"51":0,"52":0,"53":0,"54":0,"55":0,"56":0,"57":0,"58":0,"59":0,"60":0,"61":0,"62":0,"63":0,"64":0,"65":0,"66":0,"67":0,"68":0,"69":0,"70":0,"71":0,"72":0,"73":0,"74":0,"75":0,"76":0,"77":0,"78":0,"79":0,"80":0,"81":0,"82":0,"83":0,"84":0,"85":0,"86":0,"87":0,"88":0,"89":0,"90":0,"91":0,"92":0,"93":0,"94":0,"95":0,"96":0,"97":0,"98":0,"99":0,"100":0,"101":0,"102":0,"103":0,"104":0,"105":0,"106":0,"107":0,"108":0,"109":0,"110":0,"111":0,"112":0,"113":0,"114":0,"115":0,"116":0,"117":0,"118":0,"119":0,"120":0,"121":0,"122":0,"123":0,"124":0,"125":0,"126":0,"127":0,"128":0,"129":0,"130":0,"131":0,"132":0,"133":0,"134":0,"135":0,"136":0,"137":0,"138":0,"139":0,"140":0,"141":0,"142":0,"143":0,"144":0,"145":0,"146":0,"147":0,"148":0},"f":{"0":0,"1":0,"2":0,"3":0,"4":0,"5":0,"6":0,"7":0,"8":0,"9":0,"10":0},"b":{"0":[0],"1":[0],"2":[0,0],"3":[0,0],"4":[0,0],"5":[0],"6":[0,0],"7":[0],"8":[0],"9":[0,0],"10":[0],"11":[0],"12":[0,0],"13":[0,0],"14":[0,0],"15":[0,0],"16":[0,0],"17":[0,0],"18":[0,0],"19":[0,0],"20":[0,0],"21":[0],"22":[0,0],"23":[0,0],"24":[0,0],"25":[0,0],"26":[0],"27":[0,0],"28":[0],"29":[0,0],"30":[0],"31":[0],"32":[0],"33":[0,0],"34":[0,0],"35":[0,0],"36":[0],"37":[0,0]}}
,"/workspace/src/index.ts": {"path":"/workspace/src/index.ts","statementMap":{"0":{"start":{"line":1,"column":0},"end":{"line":1,"column":null}},"1":{"start":{"line":9,"column":0},"end":{"line":9,"column":47}},"2":{"start":{"line":10,"column":0},"end":{"line":10,"column":null}},"3":{"start":{"line":17,"column":0},"end":{"line":17,"column":65}},"4":{"start":{"line":19,"column":0},"end":{"line":19,"column":57}},"5":{"start":{"line":20,"column":0},"end":{"line":20,"column":48}},"6":{"start":{"line":22,"column":0},"end":{"line":22,"column":35}},"7":{"start":{"line":29,"column":10},"end":{"line":29,"column":37}},"8":{"start":{"line":30,"column":10},"end":{"line":30,"column":25}},"9":{"start":{"line":35,"column":4},"end":{"line":37,"column":null}},"10":{"start":{"line":36,"column":6},"end":{"line":36,"column":21}},"11":{"start":{"line":38,"column":23},"end":{"line":38,"column":70}},"12":{"start":{"line":39,"column":4},"end":{"line":68,"column":null}},"13":{"start":{"line":40,"column":20},"end":{"line":40,"column":42}},"14":{"start":{"line":41,"column":28},"end":{"line":42,"column":null}},"15":{"start":{"line":42,"column":20},"end":{"line":42,"column":56}},"16":{"start":{"line":44,"column":6},"end":{"line":67,"column":9}},"17":{"start":{"line":45,"column":8},"end":{"line":66,"column":11}},"18":{"start":{"line":46,"column":27},"end":{"line":46,"column":56}},"19":{"start":{"line":47,"column":30},"end":{"line":49,"column":12}},"20":{"start":{"line":50,"column":10},"end":{"line":65,"column":null}},"21":{"start":{"line":55,"column":12},"end":{"line":64,"column":14}},"22":{"start":{"line":71,"column":4},"end":{"line":73,"column":7}},"23":{"start":{"line":74,"column":4},"end":{"line":74,"column":72}},"24":{"start":{"line":75,"column":4},"end":{"line":79,"column":6}},"25":{"start":{"line":80,"column":4},"end":{"line":80,"column":47}},"26":{"start":{"line":81,"column":4},"end":{"line":83,"column":7}},"27":{"start":{"line":82,"column":6},"end":{"line":82,"column":24}},"28":{"start":{"line":84,"column":4},"end":{"line":84,"column":54}},"29":{"start":{"line":86,"column":4},"end":{"line":90,"column":6}},"30":{"start":{"line":92,"column":4},"end":{"line":96,"column":7}},"31":{"start":{"line":95,"column":22},"end":{"line":95,"column":54}},"32":{"start":{"line":98,"column":4},"end":{"line":102,"column":7}},"33":{"start":{"line":101,"column":22},"end":{"line":101,"column":60}},"34":{"start":{"line":104,"column":4},"end":{"line":130,"column":6}},"35":{"start":{"line":107,"column":8},"end":{"line":117,"column":null}},"36":{"start":{"line":108,"column":23},"end":{"line":110,"column":51}},"37":{"start":{"line":110,"column":25},"end":{"line":110,"column":50}},"38":{"start":{"line":111,"column":10},"end":{"line":116,"column":null}},"39":{"start":{"line":112,"column":33},"end":{"line":112,"column":60}},"40":{"start":{"line":113,"column":12},"end":{"line":115,"column":null}},"41":{"start":{"line":114,"column":14},"end":{"line":114,"column":50}},"42":{"start":{"line":119,"column":21},"end":{"line":121,"column":49}},"43":{"start":{"line":121,"column":23},"end":{"line":121,"column":48}},"44":{"start":{"line":122,"column":8},"end":{"line":122,"column":41}},"45":{"start":{"line":123,"column":19},"end":{"line":123,"column":47}},"46":{"start":{"line":124,"column":26},"end":{"line":124,"column":66}},"47":{"start":{"line":125,"column":8},"end":{"line":125,"column":49}},"48":{"start":{"line":126,"column":19},"end":{"line":126,"column":44}},"49":{"start":{"line":127,"column":8},"end":{"line":128,"column":71}},"50":{"start":{"line":128,"column":10},"end":{"line":128,"column":71}},"51":{"start":{"line":132,"column":4},"end":{"line":159,"column":7}},"52":{"start":{"line":134,"column":25},"end":{"line":134,"column":52}},"53":{"start":{"line":135,"column":6},"end":{"line":158,"column":null}},"54":{"start":{"line":135,"column":23},"end":{"line":135,"column":24}},"55":{"start":{"line":136,"column":26},"end":{"line":136,"column":48}},"56":{"start":{"line":137,"column":21},"end":{"line":137,"column":47}},"57":{"start":{"line":138,"column":8},"end":{"line":157,"column":null}},"58":{"start":{"line":139,"column":21},"end":{"line":139,"column":52}},"59":{"start":{"line":140,"column":10},"end":{"line":156,"column":null}},"60":{"start":{"line":141,"column":12},"end":{"line":150,"column":14}},"61":{"start":{"line":144,"column":16},"end":{"line":144,"column":34}},"62":{"start":{"line":145,"column":29},"end":{"line":145,"column":62}},"63":{"start":{"line":146,"column":16},"end":{"line":148,"column":null}},"64":{"start":{"line":147,"column":18},"end":{"line":147,"column":80}},"65":{"start":{"line":152,"column":25},"end":{"line":152,"column":58}},"66":{"start":{"line":153,"column":12},"end":{"line":155,"column":null}},"67":{"start":{"line":154,"column":14},"end":{"line":154,"column":76}},"68":{"start":{"line":162,"column":4},"end":{"line":162,"column":53}},"69":{"start":{"line":163,"column":4},"end":{"line":163,"column":47}},"70":{"start":{"line":164,"column":4},"end":{"line":164,"column":47}},"71":{"start":{"line":165,"column":4},"end":{"line":165,"column":49}},"72":{"start":{"line":24,"column":0},"end":{"line":24,"column":21}},"73":{"start":{"line":176,"column":4},"end":{"line":176,"column":14}},"74":{"start":{"line":171,"column":11},"end":{"line":171,"column":26}},"75":{"start":{"line":172,"column":11},"end":{"line":172,"column":19}},"76":{"start":{"line":173,"column":11},"end":{"line":173,"column":26}},"77":{"start":{"line":174,"column":11},"end":{"line":174,"column":21}},"78":{"start":{"line":179,"column":19},"end":{"line":185,"column":6}},"79":{"start":{"line":186,"column":4},"end":{"line":186,"column":32}}},"fnMap":{"0":{"name":"(anonymous_0)","decl":{"start":{"line":24,"column":0},"end":{"line":24,"column":21}},"loc":{"start":{"line":24,"column":0},"end":{"line":167,"column":1}}},"1":{"name":"(anonymous_1)","decl":{"start":{"line":33,"column":10},"end":{"line":33,"column":15}},"loc":{"start":{"line":33,"column":40},"end":{"line":69,"column":3}}},"2":{"name":
[...]
:65}},"11":{"start":{"line":35,"column":2},"end":{"line":37,"column":5}},"12":{"start":{"line":36,"column":4},"end":{"line":36,"column":32}},"13":{"start":{"line":38,"column":2},"end":{"line":46,"column":null}},"14":{"start":{"line":39,"column":32},"end":{"line":41,"column":null}},"15":{"start":{"line":43,"column":4},"end":{"line":45,"column":7}},"16":{"start":{"line":44,"column":6},"end":{"line":44,"column":34}},"17":{"start":{"line":47,"column":2},"end":{"line":49,"column":4}},"18":{"start":{"line":48,"column":4},"end":{"line":48,"column":69}},"19":{"start":{"line":53,"column":2},"end":{"line":62,"column":null}},"20":{"start":{"line":54,"column":20},"end":{"line":54,"column":46}},"21":{"start":{"line":55,"column":25},"end":{"line":55,"column":52}},"22":{"start":{"line":56,"column":4},"end":{"line":59,"column":null}},"23":{"start":{"line":57,"column":24},"end":{"line":57,"column":51}},"24":{"start":{"line":58,"column":6},"end":{"line":58,"column":23}},"25":{"start":{"line":61,"column":4},"end":{"line":61,"column":68}},"26":{"start":{"line":52,"column":0},"end":{"line":52,"column":7}},"27":{"start":{"line":65,"column":0},"end":{"line":65,"column":25}}},"fnMap":{"0":{"name":"templater","decl":{"start":{"line":11,"column":15},"end":{"line":11,"column":24}},"loc":{"start":{"line":13,"column":15},"end":{"line":50,"column":1}}},"1":{"name":"(anonymous_1)","decl":{"start":{"line":35,"column":30},"end":{"line":35,"column":31}},"loc":{"start":{"line":35,"column":68},"end":{"line":37,"column":3}}},"2":{"name":"(anonymous_2)","decl":{"start":{"line":43,"column":32},"end":{"line":43,"column":33}},"loc":{"start":{"line":43,"column":70},"end":{"line":45,"column":5}}},"3":{"name":"(anonymous_3)","decl":{"start":{"line":47,"column":9},"end":{"line":47,"column":14}},"loc":{"start":{"line":47,"column":35},"end":{"line":49,"column":3}}},"4":{"name":"processTemplate","decl":{"start":{"line":52,"column":22},"end":{"line":52,"column":37}},"loc":{"start":{"line":52,"column":49},"end":{"line":63,"column":1}}}},"branchMap":{"0":{"loc":{"start":{"line":23,"column":2},"end":{"line":26,"column":null}},"type":"if","locations":[{"start":{"line":23,"column":2},"end":{"line":26,"column":null}}]},"1":{"loc":{"start":{"line":38,"column":2},"end":{"line":46,"column":null}},"type":"if","locations":[{"start":{"line":38,"column":2},"end":{"line":46,"column":null}}]},"2":{"loc":{"start":{"line":56,"column":4},"end":{"line":59,"column":null}},"type":"if","locations":[{"start":{"line":56,"column":4},"end":{"line":59,"column":null}}]}},"s":{"0":0,"1":0,"2":0,"3":0,"4":0,"5":0,"6":0,"7":0,"8":0,"9":0,"10":0,"11":0,"12":0,"13":0,"14":0,"15":0,"16":0,"17":0,"18":0,"19":0,"20":0,"21":0,"22":0,"23":0,"24":0,"25":0,"26":0,"27":0},"f":{"0":0,"1":0,"2":0,"3":0,"4":0},"b":{"0":[0],"1":[0],"2":[0]}}
,"/workspace/src/utils.ts": {"path":"/workspace/src/utils.ts","statementMap":{"0":{"start":{"line":1,"column":0},"end":{"line":1,"column":60}},"1":{"start":{"line":3,"column":0},"end":{"line":3,"column":49}},"2":{"start":{"line":6,"column":15},"end":{"line":6,"column":17}},"3":{"start":{"line":7,"column":21},"end":{"line":7,"column":59}},"4":{"start":{"line":8,"column":27},"end":{"line":8,"column":44}},"5":{"start":{"line":9,"column":2},"end":{"line":11,"column":null}},"6":{"start":{"line":9,"column":15},"end":{"line":9,"column":16}},"7":{"start":{"line":10,"column":4},"end":{"line":10,"column":78}},"8":{"start":{"line":12,"column":2},"end":{"line":12,"column":16}},"9":{"start":{"line":33,"column":28},"end":{"line":59,"column":1}},"10":{"start":{"line":34,"column":20},"end":{"line":34,"column":22}},"11":{"start":{"line":35,"column":2},"end":{"line":35,"column":30}},"12":{"start":{"line":36,"column":2},"end":{"line":36,"column":67}},"13":{"start":{"line":37,"column":2},"end":{"line":37,"column":67}},"14":{"start":{"line":38,"column":2},"end":{"line":38,"column":73}},"15":{"start":{"line":39,"column":2},"end":{"line":39,"column":61}},"16":{"start":{"line":40,"column":2},"end":{"line":40,"column":67}},"17":{"start":{"line":41,"column":2},"end":{"line":41,"column":73}},"18":{"start":{"line":42,"column":2},"end":{"line":42,"column":76}},"19":{"start":{"line":43,"column":2},"end":{"line":44,"column":58}},"20":{"start":{"line":45,"column":2},"end":{"line":45,"column":70}},"21":{"start":{"line":46,"column":2},"end":{"line":46,"column":88}},"22":{"start":{"line":47,"column":2},"end":{"line":47,"column":100}},"23":{"start":{"line":48,"column":2},"end":{"line":48,"column":70}},"24":{"start":{"line":49,"column":2},"end":{"line":49,"column":73}},"25":{"start":{"line":50,"column":2},"end":{"line":50,"column":73}},"26":{"start":{"line":51,"column":2},"end":{"line":51,"column":24}},"27":{"start":{"line":52,"column":2},"end":{"line":54,"column":45}},"28":{"start":{"line":55,"column":15},"end":{"line":55,"column":62}},"29":{"start":{"line":56,"column":17},"end":{"line":56,"column":28}},"30":{"start":{"line":57,"column":2},"end":{"line":57,"column":48}},"31":{"start":{"line":58,"column":2},"end":{"line":58,"column":35}},"32":{"start":{"line":33,"column":13},"end":{"line":33,"column":28}},"33":{"start":{"line":61,"column":34},"end":{"line":65,"column":1}},"34":{"start":{"line":62,"column":15},"end":{"line":62,"column":62}},"35":{"start":{"line":63,"column":17},"end":{"line":63,"column":28}},"36":{"start":{"line":64,"column":2},"end":{"line":64,"column":46}},"37":{"start":{"line":61,"column":13},"end":{"line":61,"column":34}},"38":{"start":{"line":67,"column":36},"end":{"line":76,"column":8}},"39":{"start":{"line":68,"column":2},"end":{"line":76,"column":8}},"40":{"start":{"line":69,"column":28},"end":{"line":69,"column":40}},"41":{"start":{"line":70,"column":24},"end":{"line":70,"column":46}},"42":{"start":{"line":71,"column":4},"end":{"line":74,"column":14}},"43":{"start":{"line":72,"column":24},"end":{"line":72,"column":41}},"44":{"start":{"line":75,"column":4},"end":{"line":75,"column":15}},"45":{"start":{"line":67,"column":13},"end":{"line":67,"column":36}},"46":{"start":{"line":78,"column":34},"end":{"line":89,"column":1}},"47":{"start":{"line":81,"column":21},"end":{"line":81,"column":68}},"48":{"start":{"line":82,"column":2},"end":{"line":86,"column":null}},"49":{"start":{"line":83,"column":17},"end":{"line":83,"column":32}},"50":{"start":{"line":84,"column":20},"end":{"line":84,"column":46}},"51":{"start":{"line":85,"column":4},"end":{"line":85,"column":55}},"52":{"start":{"line":87,"column":2},"end":{"line":87,"column":48}},"53":{"start":{"line":88,"column":2},"end":{"line":88,"column":45}},"54":{"start":{"line":78,"column":13},"end":{"line":78,"column":34}},"55":{"start":{"line":91,"column":32},"end":{"line":104,"column":1}},"56":{"start":{"line":95,"column":2},"end":{"line":103,"column":null}},"57":{"start":{"line":96,"column":17},"end":{"line":96,"column":40}},"58":{"start":{"line":97,"column":4},"end":{"line":102,"column":null}},"59":{"start":{"line":98,"column":23},"end":{"line":98,"column":44}},"60":{"start":{"line":99,"column":6},"end":{"line":101,"column":null}},"61":{"start":{"line":100,"column":8},"end":{"line":100,"column":27}},"62":{"start":{"line":91,"column":13},"end":{"line":91,"column":32}},"63":{"start":{"line":110,"column":21},"end":{"line":110,"column":68}},"64":{"start":{"line":111,"column":21},"end":{"line":113,"column":51}},"65":{"start":{"line":113,"column":31},"end":{"line":113,"column":50}},"66":{"start":{"line":114,"column":20},"end":{"line":118,"column":23}},"67":{"start":{"line":119,"column":2},"end":{"line":119,"column":51}},"68":{"start":{"line":106,"column":0},"end":{"line":106,"column":7}},"69":{"start":{"line":122,"column":26},"end":{"line":124,"column":1}},"70":{"start":{"line":123,"column":2},"end":{"line":123,"column":40}},"71":{"start":{"line":122,"column":13},"end":{"line":122,"column":26}},"72":{"start":{"line":129,"column":28},"end":{"line":146,"column":4}},"73":{"start":{"line":135,"column":2},"end":{"line":146,"column":4}},"74":{"start":{"line":136,"column":17},"end":{"line":141,"column":null}},"75":{"start":{"line":139,"column":8},"end":{"line":139,"column":34}},"76":{"start":{"line":140,"column":8},"end":{"line":140,"column":35}},"77":{"start":{"line":143,"column":4},"end":{"line":145,"column":6}},"78":{"start":{"line":129,"column":13},"end":{"line":129,"column":28}}},"fnMap":{"0":{"name":"nanoid","decl":{"start":{"line":5,"column":9},"end":{"line":5,"column":15}},"loc":{"start":{"line":5,"column":27},"end":{"line":13,"column":1}}},"1":{"name":"(anonymous_1)","decl":{"start":{"line":33,"column":28},"end":{"line":33,"column":29}},"loc":{"start":{"line":33,"column":75},"end":{"line":59,"column":1}}},"2":{"name":"(anonymous_2)","decl":{"start":{"line":61,"column":34},"end":{"line":61,"column":35}},"loc":{"start":{"line":61,"column":65},"end":{"line":65,"column":1}}},"3":{"name":"(anonymous_3)","decl":{"start":{"line":67,"column":36},"end":{"line":67,"column":37}},"loc":{"start":{"line":68,"column":2},"end":{"line":76,"column":8}}},"4":{"name":"(anonymous_4)","decl":{"start":{"line":68,"column":28},"end":{"line":68,"column":29}},"loc":{"start":{"line":68,"column":58},"end":{"line":76,"column":3}}},"5":{"name":"(anonymous_5)","decl":{"start":{"line":72,"column":14},"end":{"line":72,"column":15}},"loc":{"start":{"line":72,"column":24},"end":{"line":72,"column":41}}},"6":{"name":"(anonymous_6)","decl":{"start":{"line":78,"column":34},"end":{"line":78,"column":39}},"loc":{"start":{"line":80,"column":54},"end":{"line":89,"column":1}}},"7":{"name":"(anonymous_7)","decl":{"start":{"line":91,"column":32},"end":{"line":91,"column":null}},"loc":{"start":{"line":94,"column":10},"end":{"line":104,"column":1}}},"8":{"name":"getNewArgs","decl":{"start":{"line":106,"column":22},"end":{"line":106,"column":32}},"loc":{"start":{"line":108,"column":20},"end":{"line":120,"column":1}}},"9":{"name":"(anonymous_9)","decl":{"start":{"line":113,"column":10},"end":{"line":113,"column":11}},"loc":{"start":{"line":113,"column":31},"end":{"line":113,"column":50}}},"10":{"name":"(anonymous_10)","decl":{"start":{"line":122,"column":26},"end":{"line":122,"column":27}},"loc":{"start":{"line":122,"column":66},"end":{"line":124,"column":1}}},"11":{"name":"(anonymous_11)","decl":{"start":{"line":129,"column":28},"end":{"line":129,"column":null}},"loc":{"start":{"line":135,"column":2},"end":{"line":146,"column":4}}},"12":{"name":"(anonymous_12)","decl":{"start":{"line":135,"column":14},"end":{"line":135,"column":15}},"loc":{"start":{"line":135,"column":26},"end":{"line":146,"column":3}}},"13":{"name":"(anonymous_13)","decl":{"start":{"line":138,"column":6},"end":{"line":138,"column":7}},"loc":{"start":{"line":138,"column":39},"end":{"line":141,"column":7}}}},"branchMap":{"0":{"loc":{"start":{"line":36,"column":2},"end":{"line":36,"column":66}},"type":"binary-expr","locations":[{"start":{"line":36,"column":2},"end":{"line":36,"column":19}},{"start":{"line":36,"column":23},"end":{"line":36,"column":66}}]},"1":{"loc":{"start":{"line":37,"column":2},"end":{"line":37,"column":66}},"type":"binary-expr","locations":[{"start":{"line":37,"column":2},"end":{"line":37,"column":19}},{"start":{"line":37,"column":23},"end":{"line":37,"column":66}}]},"2":{"loc":{"start":{"line":38,"column":2},"end":{"line":38,"column":72}},"type":"binary-expr","locations":[{"start":{"line":38,"column":2},"end":{"line":38,"column":21}},{"start":{"line":38,"column":25},"end":{"line":38,"column":72}}]},"3":{"loc":{"start":{"line":39,"column":2},"end":{"line":39,"column":60}},"type":"binary-expr","locations":[{"start":{"line":39,"column":2},"end":{"line":39,"column":17}},{"start":{"line":39,"column":21},"end":{"line":39,"column":60}}]},"4":{"loc":{"start":{"line":40,"column":2},"end":{"line":40,"column":66}},"type":"binary-expr","locations":[{"start":{"line":40,"column":2},"end":{"line":40,"column":19}},{"start":{"line":40,"column":23},"end":{"line":40,"column":66}}]},"5":{"loc":{"start":{"line":41,"column":2},"end":{"line":41,"column":72}},"type":"binary-expr","locations":[{"start":{"line":41,"column":2},"end":{"line":41,"column":21}},{"start":{"line":41,"column":25},"end":{"line":41,"column":72}}]},"6":{"loc":{"start":{"line":42,"column":2},"end":{"line":42,"column":75}},"type":"binary-expr","locations":[{"start":{"line":42,"column":2},"end":{"line":42,"column":22}},{"start":{"line":42,"column":26},"end":{"line":42,"column":75}}]},"7":{"loc":{"start":{"line":43,"column":2},"end":{"line":44,"column":57}},"type":"binary-expr","locations":[{"start":{"line":43,"column":2},"end":{"line":43,"column":33}},{"start":{"line":44,"column":4},"end":{"line":44,"column":57}}]},"8":{"loc":{"start":{"line":45,"column":2},"end":{"line":45,"column":69}},"type":"binary-expr","locations":[{"start":{"line":45,"column":2},"end":{"line":45,"column":20}},{"start":{"line":45,"column":24},"end":{"line":45,"column":69}}]},"9":{"loc":{"start":{"line":46,"column":2},"end":{"line":46,"column":87}},"type":"binary-expr","locations":[{"start":{"line":46,"column":2},"end":{"line":46,"column":26}},{"start":{"line":46,"column":30},"end":{"line":46,"column":87}}]},"10":{"loc":{"start":{"line":47,"column":2},"end":{"line":47,"column":99}},"type":"binary-expr","locations":[{"start":{"line":47,"column":2},"end":{"line":47,"column":30}},{"start":{"line":47,"column":34},"end":{"line":47,"column":99}}]},"11":{"loc":{"start":{"line":48,"column":2},"end":{"line":48,"column":69}},"type":"binary-expr","locations":[{"start":{"line":48,"column":2},"end":{"line":48,"column":20}},{"start":{"line":48,"column":24},"end":{"line":48,"column":69}}]},"12":{"loc":{"start":{"line":49,"column":2},"end":{"line":49,"column":72}},"type":"binary-expr","locations":[{"start":{"line":49,"column":2},"end":{"line":49,"column":21}},{"start":{"line":49,"column":25},"end":{"line":49,"column":72}}]},"13":{"loc":{"start":{"line":50,"column":2},"end":{"line":50,"column":72}},"type":"binary-expr","locations":[{"start":{"line":50,"column":2},"end":{"line":50,"column":21}},{"start":{"line":50,"column":25},"end":{"line":50,"column":72}}]},"14":{"loc":{"start":{"line":52,"column":2},"end":{"line":54,"column":44}},"type":"cond-expr","locations":[{"start":{"line":53,"column":6},"end":{"line":53,"column":55}},{"start":{"line":54,"column":6},"end":{"line":54,"column":44}}]},"15":{"loc":{"start":{"line":82,"column":2},"end":{"line":86,"column":null}},"type":"if","locations":[{"start":{"line":82,"column":2},"end":{"line":86,"column":null}}]},"16":{"loc":{"start":{"line":95,"column":2},"end":{"line":103,"column":null}},"type":"if","locations":[{"start":{"line":95,"column":2},"end":{"line":103,"column":null}}]},"17":{"loc":{"start":{"line":95,"column":6},"end":{"line":95,"column":48}},"type":"binary-expr","locations":[{"start":{"line":95,"column":6},"end":{"line":95,"column":25}},{"start":{"line":95,"column":29},"end":{"line":95,"column":48}}]},"18":{"loc":{"start":{"line":97,"column":4},"end":{"line":102,"column":null}},"type":"if","locations":[{"start":{"line":97,"column":4},"end":{"line":102,"column":null}}]},"19":{"loc":{"start":{"line":99,"column":6},"end":{"line":101,"column":null}},"type":"if","locations":[{"start":{"line":99,"column":6},"end":{"line":101,"column":null}}]}},"s":{"0":1,"1":1,"2":1,"3":1,"4":1,"5":1,"6":1,"7":4,"8":1,"9":1,"10":2,"11":2,"12":2,"13":2,"14":2,"15":2,"16":2,"17":2,"18":2,"19":2,"20":2,"21":2,"22":2,"23":2,"24":2,"25":2,"26":2,"27":2,"28":2,"29":2,"30":2,"31":2,"32":1,"33":1,"34":1,"35":1,"36":1,"37":1,"38":1,"39":5,"40":12,"41":12,"42":12,"43":31,"44":12,"45":1,"46":1,"47":2,"48":2,"49":1,"50":1,"51":1,"52":1,"53":1,"54":1,"55":1,"56":4,"57":3,"58":3,"59":2,"60":2,"61":2,"62":1,"63":1,"64":1,"65":1,"66":1,"67":1,"68":1,"69":1,"70":8,"71":1,"72":1,"73":1,"74":1,"75":1,"76":1,"77":1,"78":1},"f":{"0":1,"1":2,"2":1,"3":5,"4":12,"5":31,"6":2,"7":4,"8":1,"9":1,"10":8,"11":1,"12":1,"13":1},"b":{"0":[2,2],"1":[2,2],"2":[2,2],"3":[2,1],"4":[2,1],"5":[2,1],"6":[2,1],"7":[2,1],"8":[2,1],"9":[2,1],"10":[2,1],"11":[2,1],"12":[2,1],"13":[2,1],"14":[1,1],"15":[1],"16":[3],"17":[4,3],"18":[2],"19":[2]}}
,"/workspace/src/version.ts": {"path":"/workspace/src/version.ts","statementMap":{"0":{"start":{"line":1,"column":28},"end":{"line":11,"column":1}},"1":{"start":{"line":2,"column":23},"end":{"line":2,"column":61}},"2":{"start":{"line":3,"column":27},"end":{"line":3,"column":71}},"3":{"start":{"line":4,"column":2},"end":{"line":9,"column":null}},"4":{"start":{"line":8,"column":4},"end":{"line":8,"column":16}},"5":{"start":{"line":10,"column":2},"end":{"line":10,"column":15}},"6":{"start":{"line":1,"column":13},"end":{"line":1,"column":28}},"7":{"start":{"line":13,"column":27},"end":{"line":18,"column":1}},"8":{"start":{"line":14,"column":2},"end":{"line":17,"column":4}},"9":{"start":{"line":13,"column":13},"end":{"line":13,"column":27}},"10":{"start":{"line":20,"column":20},"end":{"line":51,"column":2}},"11":{"start":{"line":53,"column":23},"end":{"line":60,"column":1}},"12":{"start":{"line":54,"column":15},"end":{"line":55,"column":null}},"13":{"start":{"line":57,"column":2},"end":{"line":59,"column":null}},"14":{"start":{"line":58,"column":4},"end":{"line":58,"column":33}},"15":{"start":{"line":62,"column":29},"end":{"line":81,"column":1}},"16":{"start":{"line":63,"column":27},"end":{"line":63,"column":41}},"17":{"start":{"line":64,"column":2},"end":{"line":80,"column":null}},"18":{"start":{"line":65,"column":4},"end":{"line":65,"column":21}},"19":{"start":{"line":66,"column":25},"end":{"line":68,"column":null}},"20":{"start":{"line":70,"column":4},"end":{"line":72,"column":62}},"21":{"start":{"line":73,"column":4},"end":{"line":73,"column":18}},"22":{"start":{"line":74,"column":4},"end":{"line":79,"column":13}},"23":{"start":{"line":75,"column":32},"end":{"line":78,"column":8}},"24":{"start":{"line":76,"column":8},"end":{"line":76,"column":45}},"25":{"start":{"line":77,"column":8},"end":{"line":77,"column":48}},"26":{"start":{"line":62,"column":13},"end":{"line":62,"column":29}}},"fnMap":{"0":{"name":"(anonymous_0)","decl":{"start":{"line":1,"column":28},"end":{"line":1,"column":31}},"loc":{"start":{"line":1,"column":33},"end":{"line":11,"column":1}}},"1":{"name":"(anonymous_1)","decl":{"start":{"line":13,"column":27},"end":{"line":13,"column":30}},"loc":{"start":{"line":13,"column":32},"end":{"line":18,"column":1}}},"2":{"name":"(anonymous_2)","decl":{"start":{"line":53,"column":23},"end":{"line":53,"column":28}},"loc":{"start":{"line":53,"column":34},"end":{"line":60,"column":1}}},"3":{"name":"(anonymous_3)","decl":{"start":{"line":62,"column":29},"end":{"line":62,"column":34}},"loc":{"start":{"line":62,"column":40},"end":{"line":81,"column":1}}},"4":{"name":"(anonymous_4)","decl":{"start":{"line":74,"column":15},"end":{"line":74,"column":20}},"loc":{"start":{"line":74,"column":26},"end":{"line":79,"column":5}}},"5":{"name":"(anonymous_5)","decl":{"start":{"line":75,"column":66},"end":{"line":75,"column":71}},"loc":{"start":{"line":75,"column":77},"end":{"line":78,"column":7}}}},"branchMap":{"0":{"loc":{"start":{"line":4,"column":2},"end":{"line":9,"column":null}},"type":"if","locations":[{"start":{"line":4,"column":2},"end":{"line":9,"column":null}}]},"1":{"loc":{"start":{"line":5,"column":4},"end":{"line":6,"column":25}},"type":"binary-expr","locations":[{"start":{"line":5,"column":4},"end":{"line":5,"column":55}},{"start":{"line":6,"column":4},"end":{"line":6,"column":25}}]},"2":{"loc":{"start":{"line":57,"column":2},"end":{"line":59,"column":null}},"type":"if","locations":[{"start":{"line":57,"column":2},"end":{"line":59,"column":null}}]},"3":{"loc":{"start":{"line":64,"column":2},"end":{"line":80,"column":null}},"type":"if","locations":[{"start":{"line":64,"column":2},"end":{"line":80,"column":null}}]}},"s":{"0":0,"1":0,"2":0,"3":0,"4":0,"5":0,"6":0,"7":0,"8":0,"9":0,"10":0,"11":0,"12":0,"13":0,"14":0,"15":0,"16":0,"17":0,"18":0,"19":0,"20":0,"21":0,"22":0,"23":0,"24":0,"25":0,"26":0},"f":{"0":0,"1":0,"2":0,"3":0,"4":0,"5":0},"b":{"0":[0],"1":[0,0],"2":[0],"3":[0]}}
}
